[2025-06-26T03:27:28.026+0000] {processor.py:161} INFO - Started process (PID=30) to work on /opt/airflow/dags/etl_dag.py
[2025-06-26T03:27:28.028+0000] {processor.py:830} INFO - Processing file /opt/airflow/dags/etl_dag.py for tasks to queue
[2025-06-26T03:27:28.031+0000] {logging_mixin.py:188} INFO - [2025-06-26T03:27:28.031+0000] {dagbag.py:545} INFO - Filling up the DagBag from /opt/airflow/dags/etl_dag.py
[2025-06-26T03:27:29.601+0000] {processor.py:840} INFO - DAG(s) 'etl_pipeline' retrieved from /opt/airflow/dags/etl_dag.py
[2025-06-26T03:27:29.628+0000] {logging_mixin.py:188} INFO - [2025-06-26T03:27:29.627+0000] {dag.py:3096} INFO - Sync 1 DAGs
[2025-06-26T03:27:29.659+0000] {logging_mixin.py:188} INFO - [2025-06-26T03:27:29.659+0000] {dag.py:3954} INFO - Setting next_dagrun for etl_pipeline to 2025-06-26 00:00:00+00:00, run_after=2025-06-27 00:00:00+00:00
[2025-06-26T03:27:29.686+0000] {processor.py:183} INFO - Processing /opt/airflow/dags/etl_dag.py took 1.671 seconds
[2025-06-26T03:27:59.958+0000] {processor.py:161} INFO - Started process (PID=32) to work on /opt/airflow/dags/etl_dag.py
[2025-06-26T03:27:59.960+0000] {processor.py:830} INFO - Processing file /opt/airflow/dags/etl_dag.py for tasks to queue
[2025-06-26T03:27:59.962+0000] {logging_mixin.py:188} INFO - [2025-06-26T03:27:59.962+0000] {dagbag.py:545} INFO - Filling up the DagBag from /opt/airflow/dags/etl_dag.py
[2025-06-26T03:28:00.448+0000] {processor.py:840} INFO - DAG(s) 'etl_pipeline' retrieved from /opt/airflow/dags/etl_dag.py
[2025-06-26T03:28:00.606+0000] {logging_mixin.py:188} INFO - [2025-06-26T03:28:00.606+0000] {dag.py:3096} INFO - Sync 1 DAGs
[2025-06-26T03:28:00.621+0000] {logging_mixin.py:188} INFO - [2025-06-26T03:28:00.621+0000] {dag.py:3954} INFO - Setting next_dagrun for etl_pipeline to 2025-06-26 00:00:00+00:00, run_after=2025-06-27 00:00:00+00:00
[2025-06-26T03:28:00.638+0000] {processor.py:183} INFO - Processing /opt/airflow/dags/etl_dag.py took 0.687 seconds
[2025-06-26T03:28:30.902+0000] {processor.py:161} INFO - Started process (PID=34) to work on /opt/airflow/dags/etl_dag.py
[2025-06-26T03:28:30.903+0000] {processor.py:830} INFO - Processing file /opt/airflow/dags/etl_dag.py for tasks to queue
[2025-06-26T03:28:30.906+0000] {logging_mixin.py:188} INFO - [2025-06-26T03:28:30.905+0000] {dagbag.py:545} INFO - Filling up the DagBag from /opt/airflow/dags/etl_dag.py
[2025-06-26T03:28:31.330+0000] {processor.py:840} INFO - DAG(s) 'etl_pipeline' retrieved from /opt/airflow/dags/etl_dag.py
[2025-06-26T03:28:31.352+0000] {logging_mixin.py:188} INFO - [2025-06-26T03:28:31.351+0000] {dag.py:3096} INFO - Sync 1 DAGs
[2025-06-26T03:28:31.370+0000] {logging_mixin.py:188} INFO - [2025-06-26T03:28:31.369+0000] {dag.py:3954} INFO - Setting next_dagrun for etl_pipeline to 2025-06-26 00:00:00+00:00, run_after=2025-06-27 00:00:00+00:00
[2025-06-26T03:28:31.385+0000] {processor.py:183} INFO - Processing /opt/airflow/dags/etl_dag.py took 0.490 seconds
[2025-06-26T03:29:01.677+0000] {processor.py:161} INFO - Started process (PID=36) to work on /opt/airflow/dags/etl_dag.py
[2025-06-26T03:29:01.678+0000] {processor.py:830} INFO - Processing file /opt/airflow/dags/etl_dag.py for tasks to queue
[2025-06-26T03:29:01.680+0000] {logging_mixin.py:188} INFO - [2025-06-26T03:29:01.679+0000] {dagbag.py:545} INFO - Filling up the DagBag from /opt/airflow/dags/etl_dag.py
[2025-06-26T03:29:02.056+0000] {processor.py:840} INFO - DAG(s) 'etl_pipeline' retrieved from /opt/airflow/dags/etl_dag.py
[2025-06-26T03:29:02.074+0000] {logging_mixin.py:188} INFO - [2025-06-26T03:29:02.074+0000] {dag.py:3096} INFO - Sync 1 DAGs
[2025-06-26T03:29:02.090+0000] {logging_mixin.py:188} INFO - [2025-06-26T03:29:02.089+0000] {dag.py:3954} INFO - Setting next_dagrun for etl_pipeline to 2025-06-26 00:00:00+00:00, run_after=2025-06-27 00:00:00+00:00
[2025-06-26T03:29:02.134+0000] {processor.py:183} INFO - Processing /opt/airflow/dags/etl_dag.py took 0.462 seconds
[2025-06-26T03:29:32.378+0000] {processor.py:161} INFO - Started process (PID=38) to work on /opt/airflow/dags/etl_dag.py
[2025-06-26T03:29:32.380+0000] {processor.py:830} INFO - Processing file /opt/airflow/dags/etl_dag.py for tasks to queue
[2025-06-26T03:29:32.381+0000] {logging_mixin.py:188} INFO - [2025-06-26T03:29:32.381+0000] {dagbag.py:545} INFO - Filling up the DagBag from /opt/airflow/dags/etl_dag.py
[2025-06-26T03:29:32.759+0000] {processor.py:840} INFO - DAG(s) 'etl_pipeline' retrieved from /opt/airflow/dags/etl_dag.py
[2025-06-26T03:29:32.778+0000] {logging_mixin.py:188} INFO - [2025-06-26T03:29:32.778+0000] {dag.py:3096} INFO - Sync 1 DAGs
[2025-06-26T03:29:32.795+0000] {logging_mixin.py:188} INFO - [2025-06-26T03:29:32.795+0000] {dag.py:3954} INFO - Setting next_dagrun for etl_pipeline to 2025-06-26 00:00:00+00:00, run_after=2025-06-27 00:00:00+00:00
[2025-06-26T03:29:32.824+0000] {processor.py:183} INFO - Processing /opt/airflow/dags/etl_dag.py took 0.451 seconds
[2025-06-26T03:30:03.106+0000] {processor.py:161} INFO - Started process (PID=40) to work on /opt/airflow/dags/etl_dag.py
[2025-06-26T03:30:03.107+0000] {processor.py:830} INFO - Processing file /opt/airflow/dags/etl_dag.py for tasks to queue
[2025-06-26T03:30:03.109+0000] {logging_mixin.py:188} INFO - [2025-06-26T03:30:03.109+0000] {dagbag.py:545} INFO - Filling up the DagBag from /opt/airflow/dags/etl_dag.py
[2025-06-26T03:30:03.518+0000] {processor.py:840} INFO - DAG(s) 'etl_pipeline' retrieved from /opt/airflow/dags/etl_dag.py
[2025-06-26T03:30:03.538+0000] {logging_mixin.py:188} INFO - [2025-06-26T03:30:03.537+0000] {dag.py:3096} INFO - Sync 1 DAGs
[2025-06-26T03:30:03.555+0000] {logging_mixin.py:188} INFO - [2025-06-26T03:30:03.555+0000] {dag.py:3954} INFO - Setting next_dagrun for etl_pipeline to 2025-06-26 00:00:00+00:00, run_after=2025-06-27 00:00:00+00:00
[2025-06-26T03:30:03.570+0000] {processor.py:183} INFO - Processing /opt/airflow/dags/etl_dag.py took 0.468 seconds
[2025-06-26T03:30:33.855+0000] {processor.py:161} INFO - Started process (PID=42) to work on /opt/airflow/dags/etl_dag.py
[2025-06-26T03:30:33.856+0000] {processor.py:830} INFO - Processing file /opt/airflow/dags/etl_dag.py for tasks to queue
[2025-06-26T03:30:33.858+0000] {logging_mixin.py:188} INFO - [2025-06-26T03:30:33.858+0000] {dagbag.py:545} INFO - Filling up the DagBag from /opt/airflow/dags/etl_dag.py
[2025-06-26T03:30:34.282+0000] {processor.py:840} INFO - DAG(s) 'etl_pipeline' retrieved from /opt/airflow/dags/etl_dag.py
[2025-06-26T03:30:34.304+0000] {logging_mixin.py:188} INFO - [2025-06-26T03:30:34.303+0000] {dag.py:3096} INFO - Sync 1 DAGs
[2025-06-26T03:30:34.324+0000] {logging_mixin.py:188} INFO - [2025-06-26T03:30:34.324+0000] {dag.py:3954} INFO - Setting next_dagrun for etl_pipeline to 2025-06-26 00:00:00+00:00, run_after=2025-06-27 00:00:00+00:00
[2025-06-26T03:30:34.341+0000] {processor.py:183} INFO - Processing /opt/airflow/dags/etl_dag.py took 0.492 seconds
[2025-06-26T03:31:04.583+0000] {processor.py:161} INFO - Started process (PID=44) to work on /opt/airflow/dags/etl_dag.py
[2025-06-26T03:31:04.584+0000] {processor.py:830} INFO - Processing file /opt/airflow/dags/etl_dag.py for tasks to queue
[2025-06-26T03:31:04.586+0000] {logging_mixin.py:188} INFO - [2025-06-26T03:31:04.585+0000] {dagbag.py:545} INFO - Filling up the DagBag from /opt/airflow/dags/etl_dag.py
[2025-06-26T03:31:05.010+0000] {processor.py:840} INFO - DAG(s) 'etl_pipeline' retrieved from /opt/airflow/dags/etl_dag.py
[2025-06-26T03:31:05.028+0000] {logging_mixin.py:188} INFO - [2025-06-26T03:31:05.027+0000] {dag.py:3096} INFO - Sync 1 DAGs
[2025-06-26T03:31:05.043+0000] {logging_mixin.py:188} INFO - [2025-06-26T03:31:05.043+0000] {dag.py:3954} INFO - Setting next_dagrun for etl_pipeline to 2025-06-26 00:00:00+00:00, run_after=2025-06-27 00:00:00+00:00
[2025-06-26T03:31:05.078+0000] {processor.py:183} INFO - Processing /opt/airflow/dags/etl_dag.py took 0.470 seconds
[2025-06-26T03:31:35.329+0000] {processor.py:161} INFO - Started process (PID=46) to work on /opt/airflow/dags/etl_dag.py
[2025-06-26T03:31:35.330+0000] {processor.py:830} INFO - Processing file /opt/airflow/dags/etl_dag.py for tasks to queue
[2025-06-26T03:31:35.332+0000] {logging_mixin.py:188} INFO - [2025-06-26T03:31:35.332+0000] {dagbag.py:545} INFO - Filling up the DagBag from /opt/airflow/dags/etl_dag.py
[2025-06-26T03:31:35.716+0000] {processor.py:840} INFO - DAG(s) 'etl_pipeline' retrieved from /opt/airflow/dags/etl_dag.py
[2025-06-26T03:31:35.736+0000] {logging_mixin.py:188} INFO - [2025-06-26T03:31:35.736+0000] {dag.py:3096} INFO - Sync 1 DAGs
[2025-06-26T03:31:35.757+0000] {logging_mixin.py:188} INFO - [2025-06-26T03:31:35.756+0000] {dag.py:3954} INFO - Setting next_dagrun for etl_pipeline to 2025-06-26 00:00:00+00:00, run_after=2025-06-27 00:00:00+00:00
[2025-06-26T03:31:35.772+0000] {processor.py:183} INFO - Processing /opt/airflow/dags/etl_dag.py took 0.447 seconds
[2025-06-26T03:32:06.033+0000] {processor.py:161} INFO - Started process (PID=48) to work on /opt/airflow/dags/etl_dag.py
[2025-06-26T03:32:06.034+0000] {processor.py:830} INFO - Processing file /opt/airflow/dags/etl_dag.py for tasks to queue
[2025-06-26T03:32:06.036+0000] {logging_mixin.py:188} INFO - [2025-06-26T03:32:06.035+0000] {dagbag.py:545} INFO - Filling up the DagBag from /opt/airflow/dags/etl_dag.py
[2025-06-26T03:32:06.408+0000] {processor.py:840} INFO - DAG(s) 'etl_pipeline' retrieved from /opt/airflow/dags/etl_dag.py
[2025-06-26T03:32:06.428+0000] {logging_mixin.py:188} INFO - [2025-06-26T03:32:06.427+0000] {dag.py:3096} INFO - Sync 1 DAGs
[2025-06-26T03:32:06.444+0000] {logging_mixin.py:188} INFO - [2025-06-26T03:32:06.444+0000] {dag.py:3954} INFO - Setting next_dagrun for etl_pipeline to 2025-06-26 00:00:00+00:00, run_after=2025-06-27 00:00:00+00:00
[2025-06-26T03:32:06.458+0000] {processor.py:183} INFO - Processing /opt/airflow/dags/etl_dag.py took 0.431 seconds
[2025-06-26T03:32:36.726+0000] {processor.py:161} INFO - Started process (PID=50) to work on /opt/airflow/dags/etl_dag.py
[2025-06-26T03:32:36.727+0000] {processor.py:830} INFO - Processing file /opt/airflow/dags/etl_dag.py for tasks to queue
[2025-06-26T03:32:36.728+0000] {logging_mixin.py:188} INFO - [2025-06-26T03:32:36.728+0000] {dagbag.py:545} INFO - Filling up the DagBag from /opt/airflow/dags/etl_dag.py
[2025-06-26T03:32:37.141+0000] {processor.py:840} INFO - DAG(s) 'etl_pipeline' retrieved from /opt/airflow/dags/etl_dag.py
[2025-06-26T03:32:37.160+0000] {logging_mixin.py:188} INFO - [2025-06-26T03:32:37.160+0000] {dag.py:3096} INFO - Sync 1 DAGs
[2025-06-26T03:32:37.177+0000] {logging_mixin.py:188} INFO - [2025-06-26T03:32:37.177+0000] {dag.py:3954} INFO - Setting next_dagrun for etl_pipeline to 2025-06-26 00:00:00+00:00, run_after=2025-06-27 00:00:00+00:00
[2025-06-26T03:32:37.192+0000] {processor.py:183} INFO - Processing /opt/airflow/dags/etl_dag.py took 0.473 seconds
[2025-06-26T03:33:07.438+0000] {processor.py:161} INFO - Started process (PID=52) to work on /opt/airflow/dags/etl_dag.py
[2025-06-26T03:33:07.439+0000] {processor.py:830} INFO - Processing file /opt/airflow/dags/etl_dag.py for tasks to queue
[2025-06-26T03:33:07.440+0000] {logging_mixin.py:188} INFO - [2025-06-26T03:33:07.440+0000] {dagbag.py:545} INFO - Filling up the DagBag from /opt/airflow/dags/etl_dag.py
[2025-06-26T03:33:07.814+0000] {processor.py:840} INFO - DAG(s) 'etl_pipeline' retrieved from /opt/airflow/dags/etl_dag.py
[2025-06-26T03:33:07.834+0000] {logging_mixin.py:188} INFO - [2025-06-26T03:33:07.834+0000] {dag.py:3096} INFO - Sync 1 DAGs
[2025-06-26T03:33:07.849+0000] {logging_mixin.py:188} INFO - [2025-06-26T03:33:07.849+0000] {dag.py:3954} INFO - Setting next_dagrun for etl_pipeline to 2025-06-26 00:00:00+00:00, run_after=2025-06-27 00:00:00+00:00
[2025-06-26T03:33:07.863+0000] {processor.py:183} INFO - Processing /opt/airflow/dags/etl_dag.py took 0.430 seconds
[2025-06-26T03:33:38.125+0000] {processor.py:161} INFO - Started process (PID=54) to work on /opt/airflow/dags/etl_dag.py
[2025-06-26T03:33:38.126+0000] {processor.py:830} INFO - Processing file /opt/airflow/dags/etl_dag.py for tasks to queue
[2025-06-26T03:33:38.128+0000] {logging_mixin.py:188} INFO - [2025-06-26T03:33:38.128+0000] {dagbag.py:545} INFO - Filling up the DagBag from /opt/airflow/dags/etl_dag.py
[2025-06-26T03:33:38.545+0000] {processor.py:840} INFO - DAG(s) 'etl_pipeline' retrieved from /opt/airflow/dags/etl_dag.py
[2025-06-26T03:33:38.567+0000] {logging_mixin.py:188} INFO - [2025-06-26T03:33:38.567+0000] {dag.py:3096} INFO - Sync 1 DAGs
[2025-06-26T03:33:38.589+0000] {logging_mixin.py:188} INFO - [2025-06-26T03:33:38.588+0000] {dag.py:3954} INFO - Setting next_dagrun for etl_pipeline to 2025-06-26 00:00:00+00:00, run_after=2025-06-27 00:00:00+00:00
[2025-06-26T03:33:38.612+0000] {processor.py:183} INFO - Processing /opt/airflow/dags/etl_dag.py took 0.493 seconds
[2025-06-26T03:34:08.928+0000] {processor.py:161} INFO - Started process (PID=56) to work on /opt/airflow/dags/etl_dag.py
[2025-06-26T03:34:08.929+0000] {processor.py:830} INFO - Processing file /opt/airflow/dags/etl_dag.py for tasks to queue
[2025-06-26T03:34:08.931+0000] {logging_mixin.py:188} INFO - [2025-06-26T03:34:08.930+0000] {dagbag.py:545} INFO - Filling up the DagBag from /opt/airflow/dags/etl_dag.py
[2025-06-26T03:34:09.324+0000] {processor.py:840} INFO - DAG(s) 'etl_pipeline' retrieved from /opt/airflow/dags/etl_dag.py
[2025-06-26T03:34:09.343+0000] {logging_mixin.py:188} INFO - [2025-06-26T03:34:09.343+0000] {dag.py:3096} INFO - Sync 1 DAGs
[2025-06-26T03:34:09.360+0000] {logging_mixin.py:188} INFO - [2025-06-26T03:34:09.360+0000] {dag.py:3954} INFO - Setting next_dagrun for etl_pipeline to 2025-06-26 00:00:00+00:00, run_after=2025-06-27 00:00:00+00:00
[2025-06-26T03:34:09.378+0000] {processor.py:183} INFO - Processing /opt/airflow/dags/etl_dag.py took 0.454 seconds
[2025-06-26T03:34:39.629+0000] {processor.py:161} INFO - Started process (PID=58) to work on /opt/airflow/dags/etl_dag.py
[2025-06-26T03:34:39.630+0000] {processor.py:830} INFO - Processing file /opt/airflow/dags/etl_dag.py for tasks to queue
[2025-06-26T03:34:39.631+0000] {logging_mixin.py:188} INFO - [2025-06-26T03:34:39.631+0000] {dagbag.py:545} INFO - Filling up the DagBag from /opt/airflow/dags/etl_dag.py
[2025-06-26T03:34:40.029+0000] {processor.py:840} INFO - DAG(s) 'etl_pipeline' retrieved from /opt/airflow/dags/etl_dag.py
[2025-06-26T03:34:40.049+0000] {logging_mixin.py:188} INFO - [2025-06-26T03:34:40.048+0000] {dag.py:3096} INFO - Sync 1 DAGs
[2025-06-26T03:34:40.068+0000] {logging_mixin.py:188} INFO - [2025-06-26T03:34:40.068+0000] {dag.py:3954} INFO - Setting next_dagrun for etl_pipeline to 2025-06-26 00:00:00+00:00, run_after=2025-06-27 00:00:00+00:00
[2025-06-26T03:34:40.086+0000] {processor.py:183} INFO - Processing /opt/airflow/dags/etl_dag.py took 0.463 seconds
[2025-06-26T03:35:10.371+0000] {processor.py:161} INFO - Started process (PID=60) to work on /opt/airflow/dags/etl_dag.py
[2025-06-26T03:35:10.372+0000] {processor.py:830} INFO - Processing file /opt/airflow/dags/etl_dag.py for tasks to queue
[2025-06-26T03:35:10.374+0000] {logging_mixin.py:188} INFO - [2025-06-26T03:35:10.374+0000] {dagbag.py:545} INFO - Filling up the DagBag from /opt/airflow/dags/etl_dag.py
[2025-06-26T03:35:10.743+0000] {processor.py:840} INFO - DAG(s) 'etl_pipeline' retrieved from /opt/airflow/dags/etl_dag.py
[2025-06-26T03:35:10.762+0000] {logging_mixin.py:188} INFO - [2025-06-26T03:35:10.761+0000] {dag.py:3096} INFO - Sync 1 DAGs
[2025-06-26T03:35:10.778+0000] {logging_mixin.py:188} INFO - [2025-06-26T03:35:10.777+0000] {dag.py:3954} INFO - Setting next_dagrun for etl_pipeline to 2025-06-26 00:00:00+00:00, run_after=2025-06-27 00:00:00+00:00
[2025-06-26T03:35:10.794+0000] {processor.py:183} INFO - Processing /opt/airflow/dags/etl_dag.py took 0.428 seconds
[2025-06-26T03:35:41.053+0000] {processor.py:161} INFO - Started process (PID=62) to work on /opt/airflow/dags/etl_dag.py
[2025-06-26T03:35:41.054+0000] {processor.py:830} INFO - Processing file /opt/airflow/dags/etl_dag.py for tasks to queue
[2025-06-26T03:35:41.056+0000] {logging_mixin.py:188} INFO - [2025-06-26T03:35:41.056+0000] {dagbag.py:545} INFO - Filling up the DagBag from /opt/airflow/dags/etl_dag.py
[2025-06-26T03:35:41.457+0000] {processor.py:840} INFO - DAG(s) 'etl_pipeline' retrieved from /opt/airflow/dags/etl_dag.py
[2025-06-26T03:35:41.481+0000] {logging_mixin.py:188} INFO - [2025-06-26T03:35:41.481+0000] {dag.py:3096} INFO - Sync 1 DAGs
[2025-06-26T03:35:41.499+0000] {logging_mixin.py:188} INFO - [2025-06-26T03:35:41.499+0000] {dag.py:3954} INFO - Setting next_dagrun for etl_pipeline to 2025-06-26 00:00:00+00:00, run_after=2025-06-27 00:00:00+00:00
[2025-06-26T03:35:41.514+0000] {processor.py:183} INFO - Processing /opt/airflow/dags/etl_dag.py took 0.466 seconds
[2025-06-26T03:36:11.775+0000] {processor.py:161} INFO - Started process (PID=64) to work on /opt/airflow/dags/etl_dag.py
[2025-06-26T03:36:11.775+0000] {processor.py:830} INFO - Processing file /opt/airflow/dags/etl_dag.py for tasks to queue
[2025-06-26T03:36:11.777+0000] {logging_mixin.py:188} INFO - [2025-06-26T03:36:11.777+0000] {dagbag.py:545} INFO - Filling up the DagBag from /opt/airflow/dags/etl_dag.py
[2025-06-26T03:36:12.173+0000] {processor.py:840} INFO - DAG(s) 'etl_pipeline' retrieved from /opt/airflow/dags/etl_dag.py
[2025-06-26T03:36:12.191+0000] {logging_mixin.py:188} INFO - [2025-06-26T03:36:12.190+0000] {dag.py:3096} INFO - Sync 1 DAGs
[2025-06-26T03:36:12.205+0000] {logging_mixin.py:188} INFO - [2025-06-26T03:36:12.205+0000] {dag.py:3954} INFO - Setting next_dagrun for etl_pipeline to 2025-06-26 00:00:00+00:00, run_after=2025-06-27 00:00:00+00:00
[2025-06-26T03:36:12.220+0000] {processor.py:183} INFO - Processing /opt/airflow/dags/etl_dag.py took 0.450 seconds
[2025-06-26T03:36:42.474+0000] {processor.py:161} INFO - Started process (PID=66) to work on /opt/airflow/dags/etl_dag.py
[2025-06-26T03:36:42.475+0000] {processor.py:830} INFO - Processing file /opt/airflow/dags/etl_dag.py for tasks to queue
[2025-06-26T03:36:42.476+0000] {logging_mixin.py:188} INFO - [2025-06-26T03:36:42.476+0000] {dagbag.py:545} INFO - Filling up the DagBag from /opt/airflow/dags/etl_dag.py
[2025-06-26T03:36:42.968+0000] {processor.py:840} INFO - DAG(s) 'etl_pipeline' retrieved from /opt/airflow/dags/etl_dag.py
[2025-06-26T03:36:42.987+0000] {logging_mixin.py:188} INFO - [2025-06-26T03:36:42.987+0000] {dag.py:3096} INFO - Sync 1 DAGs
[2025-06-26T03:36:43.006+0000] {logging_mixin.py:188} INFO - [2025-06-26T03:36:43.006+0000] {dag.py:3954} INFO - Setting next_dagrun for etl_pipeline to 2025-06-26 00:00:00+00:00, run_after=2025-06-27 00:00:00+00:00
[2025-06-26T03:36:43.026+0000] {processor.py:183} INFO - Processing /opt/airflow/dags/etl_dag.py took 0.559 seconds
[2025-06-26T03:37:13.231+0000] {processor.py:161} INFO - Started process (PID=68) to work on /opt/airflow/dags/etl_dag.py
[2025-06-26T03:37:13.232+0000] {processor.py:830} INFO - Processing file /opt/airflow/dags/etl_dag.py for tasks to queue
[2025-06-26T03:37:13.234+0000] {logging_mixin.py:188} INFO - [2025-06-26T03:37:13.234+0000] {dagbag.py:545} INFO - Filling up the DagBag from /opt/airflow/dags/etl_dag.py
[2025-06-26T03:37:13.615+0000] {processor.py:840} INFO - DAG(s) 'etl_pipeline' retrieved from /opt/airflow/dags/etl_dag.py
[2025-06-26T03:37:13.633+0000] {logging_mixin.py:188} INFO - [2025-06-26T03:37:13.633+0000] {dag.py:3096} INFO - Sync 1 DAGs
[2025-06-26T03:37:13.650+0000] {logging_mixin.py:188} INFO - [2025-06-26T03:37:13.650+0000] {dag.py:3954} INFO - Setting next_dagrun for etl_pipeline to 2025-06-26 00:00:00+00:00, run_after=2025-06-27 00:00:00+00:00
[2025-06-26T03:37:13.665+0000] {processor.py:183} INFO - Processing /opt/airflow/dags/etl_dag.py took 0.439 seconds
[2025-06-26T03:37:43.953+0000] {processor.py:161} INFO - Started process (PID=70) to work on /opt/airflow/dags/etl_dag.py
[2025-06-26T03:37:43.954+0000] {processor.py:830} INFO - Processing file /opt/airflow/dags/etl_dag.py for tasks to queue
[2025-06-26T03:37:43.956+0000] {logging_mixin.py:188} INFO - [2025-06-26T03:37:43.955+0000] {dagbag.py:545} INFO - Filling up the DagBag from /opt/airflow/dags/etl_dag.py
[2025-06-26T03:37:44.363+0000] {processor.py:840} INFO - DAG(s) 'etl_pipeline' retrieved from /opt/airflow/dags/etl_dag.py
[2025-06-26T03:37:44.386+0000] {logging_mixin.py:188} INFO - [2025-06-26T03:37:44.386+0000] {dag.py:3096} INFO - Sync 1 DAGs
[2025-06-26T03:37:44.406+0000] {logging_mixin.py:188} INFO - [2025-06-26T03:37:44.405+0000] {dag.py:3954} INFO - Setting next_dagrun for etl_pipeline to 2025-06-26 00:00:00+00:00, run_after=2025-06-27 00:00:00+00:00
[2025-06-26T03:37:44.422+0000] {processor.py:183} INFO - Processing /opt/airflow/dags/etl_dag.py took 0.475 seconds
[2025-06-26T03:38:14.681+0000] {processor.py:161} INFO - Started process (PID=72) to work on /opt/airflow/dags/etl_dag.py
[2025-06-26T03:38:14.682+0000] {processor.py:830} INFO - Processing file /opt/airflow/dags/etl_dag.py for tasks to queue
[2025-06-26T03:38:14.684+0000] {logging_mixin.py:188} INFO - [2025-06-26T03:38:14.683+0000] {dagbag.py:545} INFO - Filling up the DagBag from /opt/airflow/dags/etl_dag.py
[2025-06-26T03:38:15.054+0000] {processor.py:840} INFO - DAG(s) 'etl_pipeline' retrieved from /opt/airflow/dags/etl_dag.py
[2025-06-26T03:38:15.075+0000] {logging_mixin.py:188} INFO - [2025-06-26T03:38:15.075+0000] {dag.py:3096} INFO - Sync 1 DAGs
[2025-06-26T03:38:15.094+0000] {logging_mixin.py:188} INFO - [2025-06-26T03:38:15.093+0000] {dag.py:3954} INFO - Setting next_dagrun for etl_pipeline to 2025-06-26 00:00:00+00:00, run_after=2025-06-27 00:00:00+00:00
[2025-06-26T03:38:15.109+0000] {processor.py:183} INFO - Processing /opt/airflow/dags/etl_dag.py took 0.433 seconds
[2025-06-26T03:38:45.377+0000] {processor.py:161} INFO - Started process (PID=74) to work on /opt/airflow/dags/etl_dag.py
[2025-06-26T03:38:45.378+0000] {processor.py:830} INFO - Processing file /opt/airflow/dags/etl_dag.py for tasks to queue
[2025-06-26T03:38:45.389+0000] {logging_mixin.py:188} INFO - [2025-06-26T03:38:45.387+0000] {dagbag.py:545} INFO - Filling up the DagBag from /opt/airflow/dags/etl_dag.py
[2025-06-26T03:38:46.275+0000] {processor.py:840} INFO - DAG(s) 'etl_pipeline' retrieved from /opt/airflow/dags/etl_dag.py
[2025-06-26T03:38:46.312+0000] {logging_mixin.py:188} INFO - [2025-06-26T03:38:46.312+0000] {dag.py:3096} INFO - Sync 1 DAGs
[2025-06-26T03:38:46.335+0000] {logging_mixin.py:188} INFO - [2025-06-26T03:38:46.334+0000] {dag.py:3954} INFO - Setting next_dagrun for etl_pipeline to 2025-06-26 00:00:00+00:00, run_after=2025-06-27 00:00:00+00:00
[2025-06-26T03:38:46.353+0000] {processor.py:183} INFO - Processing /opt/airflow/dags/etl_dag.py took 0.985 seconds
[2025-06-26T03:39:16.695+0000] {processor.py:161} INFO - Started process (PID=76) to work on /opt/airflow/dags/etl_dag.py
[2025-06-26T03:39:16.696+0000] {processor.py:830} INFO - Processing file /opt/airflow/dags/etl_dag.py for tasks to queue
[2025-06-26T03:39:16.698+0000] {logging_mixin.py:188} INFO - [2025-06-26T03:39:16.697+0000] {dagbag.py:545} INFO - Filling up the DagBag from /opt/airflow/dags/etl_dag.py
[2025-06-26T03:39:17.065+0000] {processor.py:840} INFO - DAG(s) 'etl_pipeline' retrieved from /opt/airflow/dags/etl_dag.py
[2025-06-26T03:39:17.083+0000] {logging_mixin.py:188} INFO - [2025-06-26T03:39:17.083+0000] {dag.py:3096} INFO - Sync 1 DAGs
[2025-06-26T03:39:17.100+0000] {logging_mixin.py:188} INFO - [2025-06-26T03:39:17.099+0000] {dag.py:3954} INFO - Setting next_dagrun for etl_pipeline to 2025-06-26 00:00:00+00:00, run_after=2025-06-27 00:00:00+00:00
[2025-06-26T03:39:17.120+0000] {processor.py:183} INFO - Processing /opt/airflow/dags/etl_dag.py took 0.430 seconds
[2025-06-26T03:39:47.391+0000] {processor.py:161} INFO - Started process (PID=78) to work on /opt/airflow/dags/etl_dag.py
[2025-06-26T03:39:47.392+0000] {processor.py:830} INFO - Processing file /opt/airflow/dags/etl_dag.py for tasks to queue
[2025-06-26T03:39:47.395+0000] {logging_mixin.py:188} INFO - [2025-06-26T03:39:47.394+0000] {dagbag.py:545} INFO - Filling up the DagBag from /opt/airflow/dags/etl_dag.py
[2025-06-26T03:39:47.900+0000] {processor.py:840} INFO - DAG(s) 'etl_pipeline' retrieved from /opt/airflow/dags/etl_dag.py
[2025-06-26T03:39:47.923+0000] {logging_mixin.py:188} INFO - [2025-06-26T03:39:47.923+0000] {dag.py:3096} INFO - Sync 1 DAGs
[2025-06-26T03:39:47.943+0000] {logging_mixin.py:188} INFO - [2025-06-26T03:39:47.943+0000] {dag.py:3954} INFO - Setting next_dagrun for etl_pipeline to 2025-06-26 00:00:00+00:00, run_after=2025-06-27 00:00:00+00:00
[2025-06-26T03:39:47.958+0000] {processor.py:183} INFO - Processing /opt/airflow/dags/etl_dag.py took 0.575 seconds
[2025-06-26T03:40:18.210+0000] {processor.py:161} INFO - Started process (PID=80) to work on /opt/airflow/dags/etl_dag.py
[2025-06-26T03:40:18.210+0000] {processor.py:830} INFO - Processing file /opt/airflow/dags/etl_dag.py for tasks to queue
[2025-06-26T03:40:18.212+0000] {logging_mixin.py:188} INFO - [2025-06-26T03:40:18.212+0000] {dagbag.py:545} INFO - Filling up the DagBag from /opt/airflow/dags/etl_dag.py
[2025-06-26T03:40:18.581+0000] {processor.py:840} INFO - DAG(s) 'etl_pipeline' retrieved from /opt/airflow/dags/etl_dag.py
[2025-06-26T03:40:18.598+0000] {logging_mixin.py:188} INFO - [2025-06-26T03:40:18.598+0000] {dag.py:3096} INFO - Sync 1 DAGs
[2025-06-26T03:40:18.615+0000] {logging_mixin.py:188} INFO - [2025-06-26T03:40:18.615+0000] {dag.py:3954} INFO - Setting next_dagrun for etl_pipeline to 2025-06-26 00:00:00+00:00, run_after=2025-06-27 00:00:00+00:00
[2025-06-26T03:40:18.630+0000] {processor.py:183} INFO - Processing /opt/airflow/dags/etl_dag.py took 0.424 seconds
[2025-06-26T03:40:48.934+0000] {processor.py:161} INFO - Started process (PID=82) to work on /opt/airflow/dags/etl_dag.py
[2025-06-26T03:40:48.936+0000] {processor.py:830} INFO - Processing file /opt/airflow/dags/etl_dag.py for tasks to queue
[2025-06-26T03:40:48.938+0000] {logging_mixin.py:188} INFO - [2025-06-26T03:40:48.937+0000] {dagbag.py:545} INFO - Filling up the DagBag from /opt/airflow/dags/etl_dag.py
[2025-06-26T03:40:49.313+0000] {processor.py:840} INFO - DAG(s) 'etl_pipeline' retrieved from /opt/airflow/dags/etl_dag.py
[2025-06-26T03:40:49.334+0000] {logging_mixin.py:188} INFO - [2025-06-26T03:40:49.334+0000] {dag.py:3096} INFO - Sync 1 DAGs
[2025-06-26T03:40:49.351+0000] {logging_mixin.py:188} INFO - [2025-06-26T03:40:49.351+0000] {dag.py:3954} INFO - Setting next_dagrun for etl_pipeline to 2025-06-26 00:00:00+00:00, run_after=2025-06-27 00:00:00+00:00
[2025-06-26T03:40:49.368+0000] {processor.py:183} INFO - Processing /opt/airflow/dags/etl_dag.py took 0.439 seconds
[2025-06-26T03:41:19.608+0000] {processor.py:161} INFO - Started process (PID=84) to work on /opt/airflow/dags/etl_dag.py
[2025-06-26T03:41:19.609+0000] {processor.py:830} INFO - Processing file /opt/airflow/dags/etl_dag.py for tasks to queue
[2025-06-26T03:41:19.611+0000] {logging_mixin.py:188} INFO - [2025-06-26T03:41:19.610+0000] {dagbag.py:545} INFO - Filling up the DagBag from /opt/airflow/dags/etl_dag.py
[2025-06-26T03:41:19.984+0000] {processor.py:840} INFO - DAG(s) 'etl_pipeline' retrieved from /opt/airflow/dags/etl_dag.py
[2025-06-26T03:41:20.002+0000] {logging_mixin.py:188} INFO - [2025-06-26T03:41:20.002+0000] {dag.py:3096} INFO - Sync 1 DAGs
[2025-06-26T03:41:20.017+0000] {logging_mixin.py:188} INFO - [2025-06-26T03:41:20.016+0000] {dag.py:3954} INFO - Setting next_dagrun for etl_pipeline to 2025-06-26 00:00:00+00:00, run_after=2025-06-27 00:00:00+00:00
[2025-06-26T03:41:20.032+0000] {processor.py:183} INFO - Processing /opt/airflow/dags/etl_dag.py took 0.429 seconds
[2025-06-26T03:41:50.322+0000] {processor.py:161} INFO - Started process (PID=86) to work on /opt/airflow/dags/etl_dag.py
[2025-06-26T03:41:50.323+0000] {processor.py:830} INFO - Processing file /opt/airflow/dags/etl_dag.py for tasks to queue
[2025-06-26T03:41:50.325+0000] {logging_mixin.py:188} INFO - [2025-06-26T03:41:50.325+0000] {dagbag.py:545} INFO - Filling up the DagBag from /opt/airflow/dags/etl_dag.py
[2025-06-26T03:41:50.712+0000] {processor.py:840} INFO - DAG(s) 'etl_pipeline' retrieved from /opt/airflow/dags/etl_dag.py
[2025-06-26T03:41:50.733+0000] {logging_mixin.py:188} INFO - [2025-06-26T03:41:50.733+0000] {dag.py:3096} INFO - Sync 1 DAGs
[2025-06-26T03:41:50.751+0000] {logging_mixin.py:188} INFO - [2025-06-26T03:41:50.751+0000] {dag.py:3954} INFO - Setting next_dagrun for etl_pipeline to 2025-06-26 00:00:00+00:00, run_after=2025-06-27 00:00:00+00:00
[2025-06-26T03:41:50.768+0000] {processor.py:183} INFO - Processing /opt/airflow/dags/etl_dag.py took 0.452 seconds
[2025-06-26T03:42:21.180+0000] {processor.py:161} INFO - Started process (PID=88) to work on /opt/airflow/dags/etl_dag.py
[2025-06-26T03:42:21.181+0000] {processor.py:830} INFO - Processing file /opt/airflow/dags/etl_dag.py for tasks to queue
[2025-06-26T03:42:21.183+0000] {logging_mixin.py:188} INFO - [2025-06-26T03:42:21.182+0000] {dagbag.py:545} INFO - Filling up the DagBag from /opt/airflow/dags/etl_dag.py
[2025-06-26T03:42:21.465+0000] {processor.py:840} INFO - DAG(s) 'etl_pipeline' retrieved from /opt/airflow/dags/etl_dag.py
[2025-06-26T03:42:21.491+0000] {logging_mixin.py:188} INFO - [2025-06-26T03:42:21.491+0000] {dag.py:3096} INFO - Sync 1 DAGs
[2025-06-26T03:42:21.512+0000] {logging_mixin.py:188} INFO - [2025-06-26T03:42:21.512+0000] {dag.py:3954} INFO - Setting next_dagrun for etl_pipeline to 2025-06-26 00:00:00+00:00, run_after=2025-06-27 00:00:00+00:00
[2025-06-26T03:42:21.527+0000] {processor.py:183} INFO - Processing /opt/airflow/dags/etl_dag.py took 0.354 seconds
[2025-06-26T03:42:51.806+0000] {processor.py:161} INFO - Started process (PID=90) to work on /opt/airflow/dags/etl_dag.py
[2025-06-26T03:42:51.807+0000] {processor.py:830} INFO - Processing file /opt/airflow/dags/etl_dag.py for tasks to queue
[2025-06-26T03:42:51.809+0000] {logging_mixin.py:188} INFO - [2025-06-26T03:42:51.808+0000] {dagbag.py:545} INFO - Filling up the DagBag from /opt/airflow/dags/etl_dag.py
[2025-06-26T03:42:52.089+0000] {processor.py:840} INFO - DAG(s) 'etl_pipeline' retrieved from /opt/airflow/dags/etl_dag.py
[2025-06-26T03:42:52.116+0000] {logging_mixin.py:188} INFO - [2025-06-26T03:42:52.116+0000] {dag.py:3096} INFO - Sync 1 DAGs
[2025-06-26T03:42:52.138+0000] {logging_mixin.py:188} INFO - [2025-06-26T03:42:52.138+0000] {dag.py:3954} INFO - Setting next_dagrun for etl_pipeline to 2025-06-26 00:00:00+00:00, run_after=2025-06-27 00:00:00+00:00
[2025-06-26T03:42:52.157+0000] {processor.py:183} INFO - Processing /opt/airflow/dags/etl_dag.py took 0.356 seconds
[2025-06-26T03:43:22.408+0000] {processor.py:161} INFO - Started process (PID=92) to work on /opt/airflow/dags/etl_dag.py
[2025-06-26T03:43:22.409+0000] {processor.py:830} INFO - Processing file /opt/airflow/dags/etl_dag.py for tasks to queue
[2025-06-26T03:43:22.411+0000] {logging_mixin.py:188} INFO - [2025-06-26T03:43:22.411+0000] {dagbag.py:545} INFO - Filling up the DagBag from /opt/airflow/dags/etl_dag.py
[2025-06-26T03:43:22.767+0000] {processor.py:840} INFO - DAG(s) 'etl_pipeline' retrieved from /opt/airflow/dags/etl_dag.py
[2025-06-26T03:43:22.794+0000] {logging_mixin.py:188} INFO - [2025-06-26T03:43:22.794+0000] {dag.py:3096} INFO - Sync 1 DAGs
[2025-06-26T03:43:22.813+0000] {logging_mixin.py:188} INFO - [2025-06-26T03:43:22.813+0000] {dag.py:3954} INFO - Setting next_dagrun for etl_pipeline to 2025-06-26 00:00:00+00:00, run_after=2025-06-27 00:00:00+00:00
[2025-06-26T03:43:22.828+0000] {processor.py:183} INFO - Processing /opt/airflow/dags/etl_dag.py took 0.425 seconds
[2025-06-26T03:43:53.082+0000] {processor.py:161} INFO - Started process (PID=94) to work on /opt/airflow/dags/etl_dag.py
[2025-06-26T03:43:53.083+0000] {processor.py:830} INFO - Processing file /opt/airflow/dags/etl_dag.py for tasks to queue
[2025-06-26T03:43:53.084+0000] {logging_mixin.py:188} INFO - [2025-06-26T03:43:53.084+0000] {dagbag.py:545} INFO - Filling up the DagBag from /opt/airflow/dags/etl_dag.py
[2025-06-26T03:43:53.343+0000] {processor.py:840} INFO - DAG(s) 'etl_pipeline' retrieved from /opt/airflow/dags/etl_dag.py
[2025-06-26T03:43:53.368+0000] {logging_mixin.py:188} INFO - [2025-06-26T03:43:53.367+0000] {dag.py:3096} INFO - Sync 1 DAGs
[2025-06-26T03:43:53.387+0000] {logging_mixin.py:188} INFO - [2025-06-26T03:43:53.387+0000] {dag.py:3954} INFO - Setting next_dagrun for etl_pipeline to 2025-06-26 00:00:00+00:00, run_after=2025-06-27 00:00:00+00:00
[2025-06-26T03:43:53.403+0000] {processor.py:183} INFO - Processing /opt/airflow/dags/etl_dag.py took 0.326 seconds
[2025-06-26T03:44:23.687+0000] {processor.py:161} INFO - Started process (PID=96) to work on /opt/airflow/dags/etl_dag.py
[2025-06-26T03:44:23.688+0000] {processor.py:830} INFO - Processing file /opt/airflow/dags/etl_dag.py for tasks to queue
[2025-06-26T03:44:23.689+0000] {logging_mixin.py:188} INFO - [2025-06-26T03:44:23.689+0000] {dagbag.py:545} INFO - Filling up the DagBag from /opt/airflow/dags/etl_dag.py
[2025-06-26T03:44:23.945+0000] {processor.py:840} INFO - DAG(s) 'etl_pipeline' retrieved from /opt/airflow/dags/etl_dag.py
[2025-06-26T03:44:23.966+0000] {logging_mixin.py:188} INFO - [2025-06-26T03:44:23.966+0000] {dag.py:3096} INFO - Sync 1 DAGs
[2025-06-26T03:44:23.985+0000] {logging_mixin.py:188} INFO - [2025-06-26T03:44:23.985+0000] {dag.py:3954} INFO - Setting next_dagrun for etl_pipeline to 2025-06-26 00:00:00+00:00, run_after=2025-06-27 00:00:00+00:00
[2025-06-26T03:44:24.000+0000] {processor.py:183} INFO - Processing /opt/airflow/dags/etl_dag.py took 0.318 seconds
[2025-06-26T03:44:54.267+0000] {processor.py:161} INFO - Started process (PID=98) to work on /opt/airflow/dags/etl_dag.py
[2025-06-26T03:44:54.268+0000] {processor.py:830} INFO - Processing file /opt/airflow/dags/etl_dag.py for tasks to queue
[2025-06-26T03:44:54.271+0000] {logging_mixin.py:188} INFO - [2025-06-26T03:44:54.270+0000] {dagbag.py:545} INFO - Filling up the DagBag from /opt/airflow/dags/etl_dag.py
[2025-06-26T03:44:54.648+0000] {processor.py:840} INFO - DAG(s) 'etl_pipeline' retrieved from /opt/airflow/dags/etl_dag.py
[2025-06-26T03:44:54.686+0000] {logging_mixin.py:188} INFO - [2025-06-26T03:44:54.686+0000] {dag.py:3096} INFO - Sync 1 DAGs
[2025-06-26T03:44:54.717+0000] {logging_mixin.py:188} INFO - [2025-06-26T03:44:54.716+0000] {dag.py:3954} INFO - Setting next_dagrun for etl_pipeline to 2025-06-26 00:00:00+00:00, run_after=2025-06-27 00:00:00+00:00
[2025-06-26T03:44:54.790+0000] {processor.py:183} INFO - Processing /opt/airflow/dags/etl_dag.py took 0.532 seconds
[2025-06-26T03:45:25.096+0000] {processor.py:161} INFO - Started process (PID=100) to work on /opt/airflow/dags/etl_dag.py
[2025-06-26T03:45:25.097+0000] {processor.py:830} INFO - Processing file /opt/airflow/dags/etl_dag.py for tasks to queue
[2025-06-26T03:45:25.099+0000] {logging_mixin.py:188} INFO - [2025-06-26T03:45:25.098+0000] {dagbag.py:545} INFO - Filling up the DagBag from /opt/airflow/dags/etl_dag.py
[2025-06-26T03:45:25.442+0000] {processor.py:840} INFO - DAG(s) 'etl_pipeline' retrieved from /opt/airflow/dags/etl_dag.py
[2025-06-26T03:45:25.468+0000] {logging_mixin.py:188} INFO - [2025-06-26T03:45:25.467+0000] {dag.py:3096} INFO - Sync 1 DAGs
[2025-06-26T03:45:25.492+0000] {logging_mixin.py:188} INFO - [2025-06-26T03:45:25.492+0000] {dag.py:3954} INFO - Setting next_dagrun for etl_pipeline to 2025-06-26 00:00:00+00:00, run_after=2025-06-27 00:00:00+00:00
[2025-06-26T03:45:25.509+0000] {processor.py:183} INFO - Processing /opt/airflow/dags/etl_dag.py took 0.419 seconds
[2025-06-26T03:45:55.775+0000] {processor.py:161} INFO - Started process (PID=102) to work on /opt/airflow/dags/etl_dag.py
[2025-06-26T03:45:55.776+0000] {processor.py:830} INFO - Processing file /opt/airflow/dags/etl_dag.py for tasks to queue
[2025-06-26T03:45:55.777+0000] {logging_mixin.py:188} INFO - [2025-06-26T03:45:55.777+0000] {dagbag.py:545} INFO - Filling up the DagBag from /opt/airflow/dags/etl_dag.py
[2025-06-26T03:45:56.049+0000] {processor.py:840} INFO - DAG(s) 'etl_pipeline' retrieved from /opt/airflow/dags/etl_dag.py
[2025-06-26T03:45:56.074+0000] {logging_mixin.py:188} INFO - [2025-06-26T03:45:56.073+0000] {dag.py:3096} INFO - Sync 1 DAGs
[2025-06-26T03:45:56.096+0000] {logging_mixin.py:188} INFO - [2025-06-26T03:45:56.096+0000] {dag.py:3954} INFO - Setting next_dagrun for etl_pipeline to 2025-06-26 00:00:00+00:00, run_after=2025-06-27 00:00:00+00:00
[2025-06-26T03:45:56.151+0000] {processor.py:183} INFO - Processing /opt/airflow/dags/etl_dag.py took 0.380 seconds
[2025-06-26T03:46:26.468+0000] {processor.py:161} INFO - Started process (PID=104) to work on /opt/airflow/dags/etl_dag.py
[2025-06-26T03:46:26.470+0000] {processor.py:830} INFO - Processing file /opt/airflow/dags/etl_dag.py for tasks to queue
[2025-06-26T03:46:26.471+0000] {logging_mixin.py:188} INFO - [2025-06-26T03:46:26.471+0000] {dagbag.py:545} INFO - Filling up the DagBag from /opt/airflow/dags/etl_dag.py
[2025-06-26T03:46:26.726+0000] {processor.py:840} INFO - DAG(s) 'etl_pipeline' retrieved from /opt/airflow/dags/etl_dag.py
[2025-06-26T03:46:26.755+0000] {logging_mixin.py:188} INFO - [2025-06-26T03:46:26.755+0000] {dag.py:3096} INFO - Sync 1 DAGs
[2025-06-26T03:46:26.776+0000] {logging_mixin.py:188} INFO - [2025-06-26T03:46:26.775+0000] {dag.py:3954} INFO - Setting next_dagrun for etl_pipeline to 2025-06-26 00:00:00+00:00, run_after=2025-06-27 00:00:00+00:00
[2025-06-26T03:46:26.807+0000] {processor.py:183} INFO - Processing /opt/airflow/dags/etl_dag.py took 0.344 seconds
[2025-06-26T03:46:57.183+0000] {processor.py:161} INFO - Started process (PID=106) to work on /opt/airflow/dags/etl_dag.py
[2025-06-26T03:46:57.184+0000] {processor.py:830} INFO - Processing file /opt/airflow/dags/etl_dag.py for tasks to queue
[2025-06-26T03:46:57.186+0000] {logging_mixin.py:188} INFO - [2025-06-26T03:46:57.186+0000] {dagbag.py:545} INFO - Filling up the DagBag from /opt/airflow/dags/etl_dag.py
[2025-06-26T03:46:57.431+0000] {processor.py:840} INFO - DAG(s) 'etl_pipeline' retrieved from /opt/airflow/dags/etl_dag.py
[2025-06-26T03:46:57.455+0000] {logging_mixin.py:188} INFO - [2025-06-26T03:46:57.455+0000] {dag.py:3096} INFO - Sync 1 DAGs
[2025-06-26T03:46:57.474+0000] {logging_mixin.py:188} INFO - [2025-06-26T03:46:57.473+0000] {dag.py:3954} INFO - Setting next_dagrun for etl_pipeline to 2025-06-26 00:00:00+00:00, run_after=2025-06-27 00:00:00+00:00
[2025-06-26T03:46:57.499+0000] {processor.py:183} INFO - Processing /opt/airflow/dags/etl_dag.py took 0.321 seconds
[2025-06-26T03:47:27.737+0000] {processor.py:161} INFO - Started process (PID=108) to work on /opt/airflow/dags/etl_dag.py
[2025-06-26T03:47:27.738+0000] {processor.py:830} INFO - Processing file /opt/airflow/dags/etl_dag.py for tasks to queue
[2025-06-26T03:47:27.740+0000] {logging_mixin.py:188} INFO - [2025-06-26T03:47:27.739+0000] {dagbag.py:545} INFO - Filling up the DagBag from /opt/airflow/dags/etl_dag.py
[2025-06-26T03:47:27.998+0000] {processor.py:840} INFO - DAG(s) 'etl_pipeline' retrieved from /opt/airflow/dags/etl_dag.py
[2025-06-26T03:47:28.021+0000] {logging_mixin.py:188} INFO - [2025-06-26T03:47:28.021+0000] {dag.py:3096} INFO - Sync 1 DAGs
[2025-06-26T03:47:28.044+0000] {logging_mixin.py:188} INFO - [2025-06-26T03:47:28.044+0000] {dag.py:3954} INFO - Setting next_dagrun for etl_pipeline to 2025-06-26 00:00:00+00:00, run_after=2025-06-27 00:00:00+00:00
[2025-06-26T03:47:28.060+0000] {processor.py:183} INFO - Processing /opt/airflow/dags/etl_dag.py took 0.328 seconds
[2025-06-26T03:47:58.396+0000] {processor.py:161} INFO - Started process (PID=110) to work on /opt/airflow/dags/etl_dag.py
[2025-06-26T03:47:58.397+0000] {processor.py:830} INFO - Processing file /opt/airflow/dags/etl_dag.py for tasks to queue
[2025-06-26T03:47:58.400+0000] {logging_mixin.py:188} INFO - [2025-06-26T03:47:58.399+0000] {dagbag.py:545} INFO - Filling up the DagBag from /opt/airflow/dags/etl_dag.py
[2025-06-26T03:47:58.675+0000] {processor.py:840} INFO - DAG(s) 'etl_pipeline' retrieved from /opt/airflow/dags/etl_dag.py
[2025-06-26T03:47:58.697+0000] {logging_mixin.py:188} INFO - [2025-06-26T03:47:58.697+0000] {dag.py:3096} INFO - Sync 1 DAGs
[2025-06-26T03:47:58.719+0000] {logging_mixin.py:188} INFO - [2025-06-26T03:47:58.718+0000] {dag.py:3954} INFO - Setting next_dagrun for etl_pipeline to 2025-06-26 00:00:00+00:00, run_after=2025-06-27 00:00:00+00:00
[2025-06-26T03:47:58.734+0000] {processor.py:183} INFO - Processing /opt/airflow/dags/etl_dag.py took 0.344 seconds
[2025-06-26T03:48:29.020+0000] {processor.py:161} INFO - Started process (PID=112) to work on /opt/airflow/dags/etl_dag.py
[2025-06-26T03:48:29.021+0000] {processor.py:830} INFO - Processing file /opt/airflow/dags/etl_dag.py for tasks to queue
[2025-06-26T03:48:29.023+0000] {logging_mixin.py:188} INFO - [2025-06-26T03:48:29.023+0000] {dagbag.py:545} INFO - Filling up the DagBag from /opt/airflow/dags/etl_dag.py
[2025-06-26T03:48:29.287+0000] {processor.py:840} INFO - DAG(s) 'etl_pipeline' retrieved from /opt/airflow/dags/etl_dag.py
[2025-06-26T03:48:29.309+0000] {logging_mixin.py:188} INFO - [2025-06-26T03:48:29.308+0000] {dag.py:3096} INFO - Sync 1 DAGs
[2025-06-26T03:48:29.329+0000] {logging_mixin.py:188} INFO - [2025-06-26T03:48:29.329+0000] {dag.py:3954} INFO - Setting next_dagrun for etl_pipeline to 2025-06-26 00:00:00+00:00, run_after=2025-06-27 00:00:00+00:00
[2025-06-26T03:48:29.367+0000] {processor.py:183} INFO - Processing /opt/airflow/dags/etl_dag.py took 0.353 seconds
[2025-06-26T03:48:59.687+0000] {processor.py:161} INFO - Started process (PID=114) to work on /opt/airflow/dags/etl_dag.py
[2025-06-26T03:48:59.688+0000] {processor.py:830} INFO - Processing file /opt/airflow/dags/etl_dag.py for tasks to queue
[2025-06-26T03:48:59.690+0000] {logging_mixin.py:188} INFO - [2025-06-26T03:48:59.690+0000] {dagbag.py:545} INFO - Filling up the DagBag from /opt/airflow/dags/etl_dag.py
[2025-06-26T03:48:59.976+0000] {processor.py:840} INFO - DAG(s) 'etl_pipeline' retrieved from /opt/airflow/dags/etl_dag.py
[2025-06-26T03:49:00.000+0000] {logging_mixin.py:188} INFO - [2025-06-26T03:49:00.000+0000] {dag.py:3096} INFO - Sync 1 DAGs
[2025-06-26T03:49:00.022+0000] {logging_mixin.py:188} INFO - [2025-06-26T03:49:00.022+0000] {dag.py:3954} INFO - Setting next_dagrun for etl_pipeline to 2025-06-26 00:00:00+00:00, run_after=2025-06-27 00:00:00+00:00
[2025-06-26T03:49:00.039+0000] {processor.py:183} INFO - Processing /opt/airflow/dags/etl_dag.py took 0.356 seconds
[2025-06-26T03:49:30.331+0000] {processor.py:161} INFO - Started process (PID=116) to work on /opt/airflow/dags/etl_dag.py
[2025-06-26T03:49:30.332+0000] {processor.py:830} INFO - Processing file /opt/airflow/dags/etl_dag.py for tasks to queue
[2025-06-26T03:49:30.334+0000] {logging_mixin.py:188} INFO - [2025-06-26T03:49:30.334+0000] {dagbag.py:545} INFO - Filling up the DagBag from /opt/airflow/dags/etl_dag.py
[2025-06-26T03:49:30.623+0000] {processor.py:840} INFO - DAG(s) 'etl_pipeline' retrieved from /opt/airflow/dags/etl_dag.py
[2025-06-26T03:49:30.645+0000] {logging_mixin.py:188} INFO - [2025-06-26T03:49:30.645+0000] {dag.py:3096} INFO - Sync 1 DAGs
[2025-06-26T03:49:30.665+0000] {logging_mixin.py:188} INFO - [2025-06-26T03:49:30.665+0000] {dag.py:3954} INFO - Setting next_dagrun for etl_pipeline to 2025-06-26 00:00:00+00:00, run_after=2025-06-27 00:00:00+00:00
[2025-06-26T03:49:30.720+0000] {processor.py:183} INFO - Processing /opt/airflow/dags/etl_dag.py took 0.394 seconds
[2025-06-26T03:50:01.027+0000] {processor.py:161} INFO - Started process (PID=118) to work on /opt/airflow/dags/etl_dag.py
[2025-06-26T03:50:01.028+0000] {processor.py:830} INFO - Processing file /opt/airflow/dags/etl_dag.py for tasks to queue
[2025-06-26T03:50:01.030+0000] {logging_mixin.py:188} INFO - [2025-06-26T03:50:01.030+0000] {dagbag.py:545} INFO - Filling up the DagBag from /opt/airflow/dags/etl_dag.py
[2025-06-26T03:50:01.303+0000] {processor.py:840} INFO - DAG(s) 'etl_pipeline' retrieved from /opt/airflow/dags/etl_dag.py
[2025-06-26T03:50:01.326+0000] {logging_mixin.py:188} INFO - [2025-06-26T03:50:01.326+0000] {dag.py:3096} INFO - Sync 1 DAGs
[2025-06-26T03:50:01.344+0000] {logging_mixin.py:188} INFO - [2025-06-26T03:50:01.344+0000] {dag.py:3954} INFO - Setting next_dagrun for etl_pipeline to 2025-06-26 00:00:00+00:00, run_after=2025-06-27 00:00:00+00:00
[2025-06-26T03:50:01.358+0000] {processor.py:183} INFO - Processing /opt/airflow/dags/etl_dag.py took 0.336 seconds
[2025-06-26T03:50:31.698+0000] {processor.py:161} INFO - Started process (PID=120) to work on /opt/airflow/dags/etl_dag.py
[2025-06-26T03:50:31.699+0000] {processor.py:830} INFO - Processing file /opt/airflow/dags/etl_dag.py for tasks to queue
[2025-06-26T03:50:31.701+0000] {logging_mixin.py:188} INFO - [2025-06-26T03:50:31.701+0000] {dagbag.py:545} INFO - Filling up the DagBag from /opt/airflow/dags/etl_dag.py
[2025-06-26T03:50:31.988+0000] {processor.py:840} INFO - DAG(s) 'etl_pipeline' retrieved from /opt/airflow/dags/etl_dag.py
[2025-06-26T03:50:32.018+0000] {logging_mixin.py:188} INFO - [2025-06-26T03:50:32.017+0000] {dag.py:3096} INFO - Sync 1 DAGs
[2025-06-26T03:50:32.047+0000] {logging_mixin.py:188} INFO - [2025-06-26T03:50:32.047+0000] {dag.py:3954} INFO - Setting next_dagrun for etl_pipeline to 2025-06-26 00:00:00+00:00, run_after=2025-06-27 00:00:00+00:00
[2025-06-26T03:50:32.062+0000] {processor.py:183} INFO - Processing /opt/airflow/dags/etl_dag.py took 0.369 seconds
[2025-06-26T03:51:02.335+0000] {processor.py:161} INFO - Started process (PID=122) to work on /opt/airflow/dags/etl_dag.py
[2025-06-26T03:51:02.336+0000] {processor.py:830} INFO - Processing file /opt/airflow/dags/etl_dag.py for tasks to queue
[2025-06-26T03:51:02.339+0000] {logging_mixin.py:188} INFO - [2025-06-26T03:51:02.339+0000] {dagbag.py:545} INFO - Filling up the DagBag from /opt/airflow/dags/etl_dag.py
[2025-06-26T03:51:02.599+0000] {processor.py:840} INFO - DAG(s) 'etl_pipeline' retrieved from /opt/airflow/dags/etl_dag.py
[2025-06-26T03:51:02.621+0000] {logging_mixin.py:188} INFO - [2025-06-26T03:51:02.621+0000] {dag.py:3096} INFO - Sync 1 DAGs
[2025-06-26T03:51:02.640+0000] {logging_mixin.py:188} INFO - [2025-06-26T03:51:02.640+0000] {dag.py:3954} INFO - Setting next_dagrun for etl_pipeline to 2025-06-26 00:00:00+00:00, run_after=2025-06-27 00:00:00+00:00
[2025-06-26T03:51:02.656+0000] {processor.py:183} INFO - Processing /opt/airflow/dags/etl_dag.py took 0.328 seconds
[2025-06-26T03:51:33.023+0000] {processor.py:161} INFO - Started process (PID=124) to work on /opt/airflow/dags/etl_dag.py
[2025-06-26T03:51:33.024+0000] {processor.py:830} INFO - Processing file /opt/airflow/dags/etl_dag.py for tasks to queue
[2025-06-26T03:51:33.027+0000] {logging_mixin.py:188} INFO - [2025-06-26T03:51:33.026+0000] {dagbag.py:545} INFO - Filling up the DagBag from /opt/airflow/dags/etl_dag.py
[2025-06-26T03:51:33.276+0000] {processor.py:840} INFO - DAG(s) 'etl_pipeline' retrieved from /opt/airflow/dags/etl_dag.py
[2025-06-26T03:51:33.298+0000] {logging_mixin.py:188} INFO - [2025-06-26T03:51:33.298+0000] {dag.py:3096} INFO - Sync 1 DAGs
[2025-06-26T03:51:33.316+0000] {logging_mixin.py:188} INFO - [2025-06-26T03:51:33.316+0000] {dag.py:3954} INFO - Setting next_dagrun for etl_pipeline to 2025-06-26 00:00:00+00:00, run_after=2025-06-27 00:00:00+00:00
[2025-06-26T03:51:33.336+0000] {processor.py:183} INFO - Processing /opt/airflow/dags/etl_dag.py took 0.318 seconds
[2025-06-26T03:52:03.395+0000] {processor.py:161} INFO - Started process (PID=126) to work on /opt/airflow/dags/etl_dag.py
[2025-06-26T03:52:03.396+0000] {processor.py:830} INFO - Processing file /opt/airflow/dags/etl_dag.py for tasks to queue
[2025-06-26T03:52:03.398+0000] {logging_mixin.py:188} INFO - [2025-06-26T03:52:03.398+0000] {dagbag.py:545} INFO - Filling up the DagBag from /opt/airflow/dags/etl_dag.py
[2025-06-26T03:52:03.640+0000] {processor.py:840} INFO - DAG(s) 'etl_pipeline' retrieved from /opt/airflow/dags/etl_dag.py
[2025-06-26T03:52:03.659+0000] {logging_mixin.py:188} INFO - [2025-06-26T03:52:03.659+0000] {dag.py:3096} INFO - Sync 1 DAGs
[2025-06-26T03:52:03.678+0000] {logging_mixin.py:188} INFO - [2025-06-26T03:52:03.677+0000] {dag.py:3954} INFO - Setting next_dagrun for etl_pipeline to 2025-06-26 00:00:00+00:00, run_after=2025-06-27 00:00:00+00:00
[2025-06-26T03:52:03.698+0000] {processor.py:183} INFO - Processing /opt/airflow/dags/etl_dag.py took 0.308 seconds
[2025-06-26T03:52:33.990+0000] {processor.py:161} INFO - Started process (PID=128) to work on /opt/airflow/dags/etl_dag.py
[2025-06-26T03:52:33.990+0000] {processor.py:830} INFO - Processing file /opt/airflow/dags/etl_dag.py for tasks to queue
[2025-06-26T03:52:33.992+0000] {logging_mixin.py:188} INFO - [2025-06-26T03:52:33.992+0000] {dagbag.py:545} INFO - Filling up the DagBag from /opt/airflow/dags/etl_dag.py
[2025-06-26T03:52:34.244+0000] {processor.py:840} INFO - DAG(s) 'etl_pipeline' retrieved from /opt/airflow/dags/etl_dag.py
[2025-06-26T03:52:34.271+0000] {logging_mixin.py:188} INFO - [2025-06-26T03:52:34.270+0000] {dag.py:3096} INFO - Sync 1 DAGs
[2025-06-26T03:52:34.289+0000] {logging_mixin.py:188} INFO - [2025-06-26T03:52:34.289+0000] {dag.py:3954} INFO - Setting next_dagrun for etl_pipeline to 2025-06-26 00:00:00+00:00, run_after=2025-06-27 00:00:00+00:00
[2025-06-26T03:52:34.305+0000] {processor.py:183} INFO - Processing /opt/airflow/dags/etl_dag.py took 0.320 seconds
[2025-06-26T03:53:04.668+0000] {processor.py:161} INFO - Started process (PID=130) to work on /opt/airflow/dags/etl_dag.py
[2025-06-26T03:53:04.669+0000] {processor.py:830} INFO - Processing file /opt/airflow/dags/etl_dag.py for tasks to queue
[2025-06-26T03:53:04.670+0000] {logging_mixin.py:188} INFO - [2025-06-26T03:53:04.670+0000] {dagbag.py:545} INFO - Filling up the DagBag from /opt/airflow/dags/etl_dag.py
[2025-06-26T03:53:04.919+0000] {processor.py:840} INFO - DAG(s) 'etl_pipeline' retrieved from /opt/airflow/dags/etl_dag.py
[2025-06-26T03:53:04.946+0000] {logging_mixin.py:188} INFO - [2025-06-26T03:53:04.946+0000] {dag.py:3096} INFO - Sync 1 DAGs
[2025-06-26T03:53:04.966+0000] {logging_mixin.py:188} INFO - [2025-06-26T03:53:04.966+0000] {dag.py:3954} INFO - Setting next_dagrun for etl_pipeline to 2025-06-26 00:00:00+00:00, run_after=2025-06-27 00:00:00+00:00
[2025-06-26T03:53:04.981+0000] {processor.py:183} INFO - Processing /opt/airflow/dags/etl_dag.py took 0.319 seconds
[2025-06-26T03:53:35.304+0000] {processor.py:161} INFO - Started process (PID=132) to work on /opt/airflow/dags/etl_dag.py
[2025-06-26T03:53:35.305+0000] {processor.py:830} INFO - Processing file /opt/airflow/dags/etl_dag.py for tasks to queue
[2025-06-26T03:53:35.308+0000] {logging_mixin.py:188} INFO - [2025-06-26T03:53:35.308+0000] {dagbag.py:545} INFO - Filling up the DagBag from /opt/airflow/dags/etl_dag.py
[2025-06-26T03:53:35.580+0000] {processor.py:840} INFO - DAG(s) 'etl_pipeline' retrieved from /opt/airflow/dags/etl_dag.py
[2025-06-26T03:53:35.603+0000] {logging_mixin.py:188} INFO - [2025-06-26T03:53:35.603+0000] {dag.py:3096} INFO - Sync 1 DAGs
[2025-06-26T03:53:35.624+0000] {logging_mixin.py:188} INFO - [2025-06-26T03:53:35.624+0000] {dag.py:3954} INFO - Setting next_dagrun for etl_pipeline to 2025-06-26 00:00:00+00:00, run_after=2025-06-27 00:00:00+00:00
[2025-06-26T03:53:35.675+0000] {processor.py:183} INFO - Processing /opt/airflow/dags/etl_dag.py took 0.376 seconds
[2025-06-26T03:54:05.924+0000] {processor.py:161} INFO - Started process (PID=163) to work on /opt/airflow/dags/etl_dag.py
[2025-06-26T03:54:05.925+0000] {processor.py:830} INFO - Processing file /opt/airflow/dags/etl_dag.py for tasks to queue
[2025-06-26T03:54:05.926+0000] {logging_mixin.py:188} INFO - [2025-06-26T03:54:05.926+0000] {dagbag.py:545} INFO - Filling up the DagBag from /opt/airflow/dags/etl_dag.py
[2025-06-26T03:54:06.177+0000] {processor.py:840} INFO - DAG(s) 'etl_pipeline' retrieved from /opt/airflow/dags/etl_dag.py
[2025-06-26T03:54:06.197+0000] {logging_mixin.py:188} INFO - [2025-06-26T03:54:06.197+0000] {dag.py:3096} INFO - Sync 1 DAGs
[2025-06-26T03:54:06.214+0000] {logging_mixin.py:188} INFO - [2025-06-26T03:54:06.214+0000] {dag.py:3954} INFO - Setting next_dagrun for etl_pipeline to 2025-06-26 00:00:00+00:00, run_after=2025-06-27 00:00:00+00:00
[2025-06-26T03:54:06.231+0000] {processor.py:183} INFO - Processing /opt/airflow/dags/etl_dag.py took 0.312 seconds
[2025-06-26T03:54:36.546+0000] {processor.py:161} INFO - Started process (PID=192) to work on /opt/airflow/dags/etl_dag.py
[2025-06-26T03:54:36.547+0000] {processor.py:830} INFO - Processing file /opt/airflow/dags/etl_dag.py for tasks to queue
[2025-06-26T03:54:36.548+0000] {logging_mixin.py:188} INFO - [2025-06-26T03:54:36.548+0000] {dagbag.py:545} INFO - Filling up the DagBag from /opt/airflow/dags/etl_dag.py
[2025-06-26T03:54:36.852+0000] {processor.py:840} INFO - DAG(s) 'etl_pipeline' retrieved from /opt/airflow/dags/etl_dag.py
[2025-06-26T03:54:36.872+0000] {logging_mixin.py:188} INFO - [2025-06-26T03:54:36.872+0000] {dag.py:3096} INFO - Sync 1 DAGs
[2025-06-26T03:54:36.895+0000] {logging_mixin.py:188} INFO - [2025-06-26T03:54:36.895+0000] {dag.py:3954} INFO - Setting next_dagrun for etl_pipeline to 2025-06-26 00:00:00+00:00, run_after=2025-06-27 00:00:00+00:00
[2025-06-26T03:54:36.910+0000] {processor.py:183} INFO - Processing /opt/airflow/dags/etl_dag.py took 0.325 seconds
[2025-06-26T03:55:07.186+0000] {processor.py:161} INFO - Started process (PID=194) to work on /opt/airflow/dags/etl_dag.py
[2025-06-26T03:55:07.187+0000] {processor.py:830} INFO - Processing file /opt/airflow/dags/etl_dag.py for tasks to queue
[2025-06-26T03:55:07.189+0000] {logging_mixin.py:188} INFO - [2025-06-26T03:55:07.188+0000] {dagbag.py:545} INFO - Filling up the DagBag from /opt/airflow/dags/etl_dag.py
[2025-06-26T03:55:07.447+0000] {processor.py:840} INFO - DAG(s) 'etl_pipeline' retrieved from /opt/airflow/dags/etl_dag.py
[2025-06-26T03:55:07.469+0000] {logging_mixin.py:188} INFO - [2025-06-26T03:55:07.468+0000] {dag.py:3096} INFO - Sync 1 DAGs
[2025-06-26T03:55:07.492+0000] {logging_mixin.py:188} INFO - [2025-06-26T03:55:07.492+0000] {dag.py:3954} INFO - Setting next_dagrun for etl_pipeline to 2025-06-26 00:00:00+00:00, run_after=2025-06-27 00:00:00+00:00
[2025-06-26T03:55:07.507+0000] {processor.py:183} INFO - Processing /opt/airflow/dags/etl_dag.py took 0.327 seconds
[2025-06-26T03:55:37.838+0000] {processor.py:161} INFO - Started process (PID=196) to work on /opt/airflow/dags/etl_dag.py
[2025-06-26T03:55:37.839+0000] {processor.py:830} INFO - Processing file /opt/airflow/dags/etl_dag.py for tasks to queue
[2025-06-26T03:55:37.841+0000] {logging_mixin.py:188} INFO - [2025-06-26T03:55:37.840+0000] {dagbag.py:545} INFO - Filling up the DagBag from /opt/airflow/dags/etl_dag.py
[2025-06-26T03:55:38.084+0000] {processor.py:840} INFO - DAG(s) 'etl_pipeline' retrieved from /opt/airflow/dags/etl_dag.py
[2025-06-26T03:55:38.105+0000] {logging_mixin.py:188} INFO - [2025-06-26T03:55:38.105+0000] {dag.py:3096} INFO - Sync 1 DAGs
[2025-06-26T03:55:38.121+0000] {logging_mixin.py:188} INFO - [2025-06-26T03:55:38.121+0000] {dag.py:3954} INFO - Setting next_dagrun for etl_pipeline to 2025-06-26 00:00:00+00:00, run_after=2025-06-27 00:00:00+00:00
[2025-06-26T03:55:38.139+0000] {processor.py:183} INFO - Processing /opt/airflow/dags/etl_dag.py took 0.305 seconds
[2025-06-26T03:56:08.463+0000] {processor.py:161} INFO - Started process (PID=198) to work on /opt/airflow/dags/etl_dag.py
[2025-06-26T03:56:08.464+0000] {processor.py:830} INFO - Processing file /opt/airflow/dags/etl_dag.py for tasks to queue
[2025-06-26T03:56:08.466+0000] {logging_mixin.py:188} INFO - [2025-06-26T03:56:08.465+0000] {dagbag.py:545} INFO - Filling up the DagBag from /opt/airflow/dags/etl_dag.py
[2025-06-26T03:56:08.733+0000] {processor.py:840} INFO - DAG(s) 'etl_pipeline' retrieved from /opt/airflow/dags/etl_dag.py
[2025-06-26T03:56:08.756+0000] {logging_mixin.py:188} INFO - [2025-06-26T03:56:08.755+0000] {dag.py:3096} INFO - Sync 1 DAGs
[2025-06-26T03:56:08.774+0000] {logging_mixin.py:188} INFO - [2025-06-26T03:56:08.774+0000] {dag.py:3954} INFO - Setting next_dagrun for etl_pipeline to 2025-06-26 00:00:00+00:00, run_after=2025-06-27 00:00:00+00:00
[2025-06-26T03:56:08.793+0000] {processor.py:183} INFO - Processing /opt/airflow/dags/etl_dag.py took 0.335 seconds
[2025-06-26T03:56:39.072+0000] {processor.py:161} INFO - Started process (PID=200) to work on /opt/airflow/dags/etl_dag.py
[2025-06-26T03:56:39.073+0000] {processor.py:830} INFO - Processing file /opt/airflow/dags/etl_dag.py for tasks to queue
[2025-06-26T03:56:39.074+0000] {logging_mixin.py:188} INFO - [2025-06-26T03:56:39.074+0000] {dagbag.py:545} INFO - Filling up the DagBag from /opt/airflow/dags/etl_dag.py
[2025-06-26T03:56:39.341+0000] {processor.py:840} INFO - DAG(s) 'etl_pipeline' retrieved from /opt/airflow/dags/etl_dag.py
[2025-06-26T03:56:39.364+0000] {logging_mixin.py:188} INFO - [2025-06-26T03:56:39.364+0000] {dag.py:3096} INFO - Sync 1 DAGs
[2025-06-26T03:56:39.383+0000] {logging_mixin.py:188} INFO - [2025-06-26T03:56:39.383+0000] {dag.py:3954} INFO - Setting next_dagrun for etl_pipeline to 2025-06-26 00:00:00+00:00, run_after=2025-06-27 00:00:00+00:00
[2025-06-26T03:56:39.397+0000] {processor.py:183} INFO - Processing /opt/airflow/dags/etl_dag.py took 0.330 seconds
[2025-06-26T03:57:09.709+0000] {processor.py:161} INFO - Started process (PID=202) to work on /opt/airflow/dags/etl_dag.py
[2025-06-26T03:57:09.710+0000] {processor.py:830} INFO - Processing file /opt/airflow/dags/etl_dag.py for tasks to queue
[2025-06-26T03:57:09.711+0000] {logging_mixin.py:188} INFO - [2025-06-26T03:57:09.711+0000] {dagbag.py:545} INFO - Filling up the DagBag from /opt/airflow/dags/etl_dag.py
[2025-06-26T03:57:09.984+0000] {processor.py:840} INFO - DAG(s) 'etl_pipeline' retrieved from /opt/airflow/dags/etl_dag.py
[2025-06-26T03:57:10.008+0000] {logging_mixin.py:188} INFO - [2025-06-26T03:57:10.008+0000] {dag.py:3096} INFO - Sync 1 DAGs
[2025-06-26T03:57:10.028+0000] {logging_mixin.py:188} INFO - [2025-06-26T03:57:10.028+0000] {dag.py:3954} INFO - Setting next_dagrun for etl_pipeline to 2025-06-26 00:00:00+00:00, run_after=2025-06-27 00:00:00+00:00
[2025-06-26T03:57:10.071+0000] {processor.py:183} INFO - Processing /opt/airflow/dags/etl_dag.py took 0.368 seconds
[2025-06-26T03:57:40.421+0000] {processor.py:161} INFO - Started process (PID=204) to work on /opt/airflow/dags/etl_dag.py
[2025-06-26T03:57:40.422+0000] {processor.py:830} INFO - Processing file /opt/airflow/dags/etl_dag.py for tasks to queue
[2025-06-26T03:57:40.424+0000] {logging_mixin.py:188} INFO - [2025-06-26T03:57:40.423+0000] {dagbag.py:545} INFO - Filling up the DagBag from /opt/airflow/dags/etl_dag.py
[2025-06-26T03:57:40.743+0000] {processor.py:840} INFO - DAG(s) 'etl_pipeline' retrieved from /opt/airflow/dags/etl_dag.py
[2025-06-26T03:57:40.769+0000] {logging_mixin.py:188} INFO - [2025-06-26T03:57:40.769+0000] {dag.py:3096} INFO - Sync 1 DAGs
[2025-06-26T03:57:40.797+0000] {logging_mixin.py:188} INFO - [2025-06-26T03:57:40.797+0000] {dag.py:3954} INFO - Setting next_dagrun for etl_pipeline to 2025-06-26 00:00:00+00:00, run_after=2025-06-27 00:00:00+00:00
[2025-06-26T03:57:40.817+0000] {processor.py:183} INFO - Processing /opt/airflow/dags/etl_dag.py took 0.401 seconds
[2025-06-26T03:58:11.154+0000] {processor.py:161} INFO - Started process (PID=206) to work on /opt/airflow/dags/etl_dag.py
[2025-06-26T03:58:11.156+0000] {processor.py:830} INFO - Processing file /opt/airflow/dags/etl_dag.py for tasks to queue
[2025-06-26T03:58:11.159+0000] {logging_mixin.py:188} INFO - [2025-06-26T03:58:11.159+0000] {dagbag.py:545} INFO - Filling up the DagBag from /opt/airflow/dags/etl_dag.py
[2025-06-26T03:58:11.437+0000] {processor.py:840} INFO - DAG(s) 'etl_pipeline' retrieved from /opt/airflow/dags/etl_dag.py
[2025-06-26T03:58:11.461+0000] {logging_mixin.py:188} INFO - [2025-06-26T03:58:11.461+0000] {dag.py:3096} INFO - Sync 1 DAGs
[2025-06-26T03:58:11.484+0000] {logging_mixin.py:188} INFO - [2025-06-26T03:58:11.483+0000] {dag.py:3954} INFO - Setting next_dagrun for etl_pipeline to 2025-06-26 00:00:00+00:00, run_after=2025-06-27 00:00:00+00:00
[2025-06-26T03:58:11.505+0000] {processor.py:183} INFO - Processing /opt/airflow/dags/etl_dag.py took 0.359 seconds
[2025-06-26T03:58:41.815+0000] {processor.py:161} INFO - Started process (PID=208) to work on /opt/airflow/dags/etl_dag.py
[2025-06-26T03:58:41.817+0000] {processor.py:830} INFO - Processing file /opt/airflow/dags/etl_dag.py for tasks to queue
[2025-06-26T03:58:41.819+0000] {logging_mixin.py:188} INFO - [2025-06-26T03:58:41.819+0000] {dagbag.py:545} INFO - Filling up the DagBag from /opt/airflow/dags/etl_dag.py
[2025-06-26T03:58:42.095+0000] {processor.py:840} INFO - DAG(s) 'etl_pipeline' retrieved from /opt/airflow/dags/etl_dag.py
[2025-06-26T03:58:42.125+0000] {logging_mixin.py:188} INFO - [2025-06-26T03:58:42.124+0000] {dag.py:3096} INFO - Sync 1 DAGs
[2025-06-26T03:58:42.147+0000] {logging_mixin.py:188} INFO - [2025-06-26T03:58:42.147+0000] {dag.py:3954} INFO - Setting next_dagrun for etl_pipeline to 2025-06-26 00:00:00+00:00, run_after=2025-06-27 00:00:00+00:00
[2025-06-26T03:58:42.164+0000] {processor.py:183} INFO - Processing /opt/airflow/dags/etl_dag.py took 0.357 seconds
[2025-06-26T03:59:12.384+0000] {processor.py:161} INFO - Started process (PID=210) to work on /opt/airflow/dags/etl_dag.py
[2025-06-26T03:59:12.385+0000] {processor.py:830} INFO - Processing file /opt/airflow/dags/etl_dag.py for tasks to queue
[2025-06-26T03:59:12.387+0000] {logging_mixin.py:188} INFO - [2025-06-26T03:59:12.386+0000] {dagbag.py:545} INFO - Filling up the DagBag from /opt/airflow/dags/etl_dag.py
[2025-06-26T03:59:12.651+0000] {processor.py:840} INFO - DAG(s) 'etl_pipeline' retrieved from /opt/airflow/dags/etl_dag.py
[2025-06-26T03:59:12.675+0000] {logging_mixin.py:188} INFO - [2025-06-26T03:59:12.674+0000] {dag.py:3096} INFO - Sync 1 DAGs
[2025-06-26T03:59:12.695+0000] {logging_mixin.py:188} INFO - [2025-06-26T03:59:12.694+0000] {dag.py:3954} INFO - Setting next_dagrun for etl_pipeline to 2025-06-26 00:00:00+00:00, run_after=2025-06-27 00:00:00+00:00
[2025-06-26T03:59:12.735+0000] {processor.py:183} INFO - Processing /opt/airflow/dags/etl_dag.py took 0.356 seconds
[2025-06-26T03:59:43.057+0000] {processor.py:161} INFO - Started process (PID=212) to work on /opt/airflow/dags/etl_dag.py
[2025-06-26T03:59:43.058+0000] {processor.py:830} INFO - Processing file /opt/airflow/dags/etl_dag.py for tasks to queue
[2025-06-26T03:59:43.059+0000] {logging_mixin.py:188} INFO - [2025-06-26T03:59:43.059+0000] {dagbag.py:545} INFO - Filling up the DagBag from /opt/airflow/dags/etl_dag.py
[2025-06-26T03:59:43.320+0000] {processor.py:840} INFO - DAG(s) 'etl_pipeline' retrieved from /opt/airflow/dags/etl_dag.py
[2025-06-26T03:59:43.343+0000] {logging_mixin.py:188} INFO - [2025-06-26T03:59:43.342+0000] {dag.py:3096} INFO - Sync 1 DAGs
[2025-06-26T03:59:43.361+0000] {logging_mixin.py:188} INFO - [2025-06-26T03:59:43.360+0000] {dag.py:3954} INFO - Setting next_dagrun for etl_pipeline to 2025-06-26 00:00:00+00:00, run_after=2025-06-27 00:00:00+00:00
[2025-06-26T03:59:43.377+0000] {processor.py:183} INFO - Processing /opt/airflow/dags/etl_dag.py took 0.325 seconds
[2025-06-26T04:00:13.629+0000] {processor.py:161} INFO - Started process (PID=214) to work on /opt/airflow/dags/etl_dag.py
[2025-06-26T04:00:13.630+0000] {processor.py:830} INFO - Processing file /opt/airflow/dags/etl_dag.py for tasks to queue
[2025-06-26T04:00:13.632+0000] {logging_mixin.py:188} INFO - [2025-06-26T04:00:13.632+0000] {dagbag.py:545} INFO - Filling up the DagBag from /opt/airflow/dags/etl_dag.py
[2025-06-26T04:00:14.005+0000] {processor.py:840} INFO - DAG(s) 'etl_pipeline' retrieved from /opt/airflow/dags/etl_dag.py
[2025-06-26T04:00:14.036+0000] {logging_mixin.py:188} INFO - [2025-06-26T04:00:14.036+0000] {dag.py:3096} INFO - Sync 1 DAGs
[2025-06-26T04:00:14.057+0000] {logging_mixin.py:188} INFO - [2025-06-26T04:00:14.057+0000] {dag.py:3954} INFO - Setting next_dagrun for etl_pipeline to 2025-06-26 00:00:00+00:00, run_after=2025-06-27 00:00:00+00:00
[2025-06-26T04:00:14.074+0000] {processor.py:183} INFO - Processing /opt/airflow/dags/etl_dag.py took 0.451 seconds
[2025-06-26T04:00:44.361+0000] {processor.py:161} INFO - Started process (PID=216) to work on /opt/airflow/dags/etl_dag.py
[2025-06-26T04:00:44.362+0000] {processor.py:830} INFO - Processing file /opt/airflow/dags/etl_dag.py for tasks to queue
[2025-06-26T04:00:44.364+0000] {logging_mixin.py:188} INFO - [2025-06-26T04:00:44.364+0000] {dagbag.py:545} INFO - Filling up the DagBag from /opt/airflow/dags/etl_dag.py
[2025-06-26T04:00:44.627+0000] {processor.py:840} INFO - DAG(s) 'etl_pipeline' retrieved from /opt/airflow/dags/etl_dag.py
[2025-06-26T04:00:44.655+0000] {logging_mixin.py:188} INFO - [2025-06-26T04:00:44.655+0000] {dag.py:3096} INFO - Sync 1 DAGs
[2025-06-26T04:00:44.674+0000] {logging_mixin.py:188} INFO - [2025-06-26T04:00:44.674+0000] {dag.py:3954} INFO - Setting next_dagrun for etl_pipeline to 2025-06-26 00:00:00+00:00, run_after=2025-06-27 00:00:00+00:00
[2025-06-26T04:00:44.690+0000] {processor.py:183} INFO - Processing /opt/airflow/dags/etl_dag.py took 0.336 seconds
[2025-06-26T04:01:14.978+0000] {processor.py:161} INFO - Started process (PID=218) to work on /opt/airflow/dags/etl_dag.py
[2025-06-26T04:01:14.979+0000] {processor.py:830} INFO - Processing file /opt/airflow/dags/etl_dag.py for tasks to queue
[2025-06-26T04:01:14.980+0000] {logging_mixin.py:188} INFO - [2025-06-26T04:01:14.980+0000] {dagbag.py:545} INFO - Filling up the DagBag from /opt/airflow/dags/etl_dag.py
[2025-06-26T04:01:15.291+0000] {processor.py:840} INFO - DAG(s) 'etl_pipeline' retrieved from /opt/airflow/dags/etl_dag.py
[2025-06-26T04:01:15.319+0000] {logging_mixin.py:188} INFO - [2025-06-26T04:01:15.319+0000] {dag.py:3096} INFO - Sync 1 DAGs
[2025-06-26T04:01:15.344+0000] {logging_mixin.py:188} INFO - [2025-06-26T04:01:15.344+0000] {dag.py:3954} INFO - Setting next_dagrun for etl_pipeline to 2025-06-26 00:00:00+00:00, run_after=2025-06-27 00:00:00+00:00
[2025-06-26T04:01:15.362+0000] {processor.py:183} INFO - Processing /opt/airflow/dags/etl_dag.py took 0.390 seconds
[2025-06-26T04:01:45.648+0000] {processor.py:161} INFO - Started process (PID=220) to work on /opt/airflow/dags/etl_dag.py
[2025-06-26T04:01:45.649+0000] {processor.py:830} INFO - Processing file /opt/airflow/dags/etl_dag.py for tasks to queue
[2025-06-26T04:01:45.650+0000] {logging_mixin.py:188} INFO - [2025-06-26T04:01:45.650+0000] {dagbag.py:545} INFO - Filling up the DagBag from /opt/airflow/dags/etl_dag.py
[2025-06-26T04:01:45.934+0000] {processor.py:840} INFO - DAG(s) 'etl_pipeline' retrieved from /opt/airflow/dags/etl_dag.py
[2025-06-26T04:01:45.957+0000] {logging_mixin.py:188} INFO - [2025-06-26T04:01:45.956+0000] {dag.py:3096} INFO - Sync 1 DAGs
[2025-06-26T04:01:45.977+0000] {logging_mixin.py:188} INFO - [2025-06-26T04:01:45.977+0000] {dag.py:3954} INFO - Setting next_dagrun for etl_pipeline to 2025-06-26 00:00:00+00:00, run_after=2025-06-27 00:00:00+00:00
[2025-06-26T04:01:45.995+0000] {processor.py:183} INFO - Processing /opt/airflow/dags/etl_dag.py took 0.352 seconds
[2025-06-26T04:02:16.281+0000] {processor.py:161} INFO - Started process (PID=222) to work on /opt/airflow/dags/etl_dag.py
[2025-06-26T04:02:16.282+0000] {processor.py:830} INFO - Processing file /opt/airflow/dags/etl_dag.py for tasks to queue
[2025-06-26T04:02:16.284+0000] {logging_mixin.py:188} INFO - [2025-06-26T04:02:16.284+0000] {dagbag.py:545} INFO - Filling up the DagBag from /opt/airflow/dags/etl_dag.py
[2025-06-26T04:02:16.546+0000] {processor.py:840} INFO - DAG(s) 'etl_pipeline' retrieved from /opt/airflow/dags/etl_dag.py
[2025-06-26T04:02:16.572+0000] {logging_mixin.py:188} INFO - [2025-06-26T04:02:16.571+0000] {dag.py:3096} INFO - Sync 1 DAGs
[2025-06-26T04:02:16.591+0000] {logging_mixin.py:188} INFO - [2025-06-26T04:02:16.591+0000] {dag.py:3954} INFO - Setting next_dagrun for etl_pipeline to 2025-06-26 00:00:00+00:00, run_after=2025-06-27 00:00:00+00:00
[2025-06-26T04:02:16.626+0000] {processor.py:183} INFO - Processing /opt/airflow/dags/etl_dag.py took 0.350 seconds
[2025-06-26T04:02:46.942+0000] {processor.py:161} INFO - Started process (PID=224) to work on /opt/airflow/dags/etl_dag.py
[2025-06-26T04:02:46.943+0000] {processor.py:830} INFO - Processing file /opt/airflow/dags/etl_dag.py for tasks to queue
[2025-06-26T04:02:46.945+0000] {logging_mixin.py:188} INFO - [2025-06-26T04:02:46.944+0000] {dagbag.py:545} INFO - Filling up the DagBag from /opt/airflow/dags/etl_dag.py
[2025-06-26T04:02:47.204+0000] {processor.py:840} INFO - DAG(s) 'etl_pipeline' retrieved from /opt/airflow/dags/etl_dag.py
[2025-06-26T04:02:47.229+0000] {logging_mixin.py:188} INFO - [2025-06-26T04:02:47.229+0000] {dag.py:3096} INFO - Sync 1 DAGs
[2025-06-26T04:02:47.247+0000] {logging_mixin.py:188} INFO - [2025-06-26T04:02:47.247+0000] {dag.py:3954} INFO - Setting next_dagrun for etl_pipeline to 2025-06-26 00:00:00+00:00, run_after=2025-06-27 00:00:00+00:00
[2025-06-26T04:02:47.290+0000] {processor.py:183} INFO - Processing /opt/airflow/dags/etl_dag.py took 0.354 seconds
[2025-06-26T04:03:17.571+0000] {processor.py:161} INFO - Started process (PID=226) to work on /opt/airflow/dags/etl_dag.py
[2025-06-26T04:03:17.572+0000] {processor.py:830} INFO - Processing file /opt/airflow/dags/etl_dag.py for tasks to queue
[2025-06-26T04:03:17.573+0000] {logging_mixin.py:188} INFO - [2025-06-26T04:03:17.573+0000] {dagbag.py:545} INFO - Filling up the DagBag from /opt/airflow/dags/etl_dag.py
[2025-06-26T04:03:17.843+0000] {processor.py:840} INFO - DAG(s) 'etl_pipeline' retrieved from /opt/airflow/dags/etl_dag.py
[2025-06-26T04:03:17.865+0000] {logging_mixin.py:188} INFO - [2025-06-26T04:03:17.865+0000] {dag.py:3096} INFO - Sync 1 DAGs
[2025-06-26T04:03:17.884+0000] {logging_mixin.py:188} INFO - [2025-06-26T04:03:17.884+0000] {dag.py:3954} INFO - Setting next_dagrun for etl_pipeline to 2025-06-26 00:00:00+00:00, run_after=2025-06-27 00:00:00+00:00
[2025-06-26T04:03:17.902+0000] {processor.py:183} INFO - Processing /opt/airflow/dags/etl_dag.py took 0.338 seconds
[2025-06-26T04:03:48.210+0000] {processor.py:161} INFO - Started process (PID=228) to work on /opt/airflow/dags/etl_dag.py
[2025-06-26T04:03:48.211+0000] {processor.py:830} INFO - Processing file /opt/airflow/dags/etl_dag.py for tasks to queue
[2025-06-26T04:03:48.213+0000] {logging_mixin.py:188} INFO - [2025-06-26T04:03:48.213+0000] {dagbag.py:545} INFO - Filling up the DagBag from /opt/airflow/dags/etl_dag.py
[2025-06-26T04:03:48.482+0000] {processor.py:840} INFO - DAG(s) 'etl_pipeline' retrieved from /opt/airflow/dags/etl_dag.py
[2025-06-26T04:03:48.508+0000] {logging_mixin.py:188} INFO - [2025-06-26T04:03:48.507+0000] {dag.py:3096} INFO - Sync 1 DAGs
[2025-06-26T04:03:48.535+0000] {logging_mixin.py:188} INFO - [2025-06-26T04:03:48.535+0000] {dag.py:3954} INFO - Setting next_dagrun for etl_pipeline to 2025-06-26 00:00:00+00:00, run_after=2025-06-27 00:00:00+00:00
[2025-06-26T04:03:48.553+0000] {processor.py:183} INFO - Processing /opt/airflow/dags/etl_dag.py took 0.348 seconds
[2025-06-26T04:04:18.834+0000] {processor.py:161} INFO - Started process (PID=230) to work on /opt/airflow/dags/etl_dag.py
[2025-06-26T04:04:18.835+0000] {processor.py:830} INFO - Processing file /opt/airflow/dags/etl_dag.py for tasks to queue
[2025-06-26T04:04:18.837+0000] {logging_mixin.py:188} INFO - [2025-06-26T04:04:18.837+0000] {dagbag.py:545} INFO - Filling up the DagBag from /opt/airflow/dags/etl_dag.py
[2025-06-26T04:04:19.211+0000] {processor.py:840} INFO - DAG(s) 'etl_pipeline' retrieved from /opt/airflow/dags/etl_dag.py
[2025-06-26T04:04:19.239+0000] {logging_mixin.py:188} INFO - [2025-06-26T04:04:19.238+0000] {dag.py:3096} INFO - Sync 1 DAGs
[2025-06-26T04:04:19.255+0000] {logging_mixin.py:188} INFO - [2025-06-26T04:04:19.255+0000] {dag.py:3954} INFO - Setting next_dagrun for etl_pipeline to 2025-06-26 00:00:00+00:00, run_after=2025-06-27 00:00:00+00:00
[2025-06-26T04:04:19.269+0000] {processor.py:183} INFO - Processing /opt/airflow/dags/etl_dag.py took 0.442 seconds
[2025-06-26T04:04:49.553+0000] {processor.py:161} INFO - Started process (PID=232) to work on /opt/airflow/dags/etl_dag.py
[2025-06-26T04:04:49.554+0000] {processor.py:830} INFO - Processing file /opt/airflow/dags/etl_dag.py for tasks to queue
[2025-06-26T04:04:49.556+0000] {logging_mixin.py:188} INFO - [2025-06-26T04:04:49.556+0000] {dagbag.py:545} INFO - Filling up the DagBag from /opt/airflow/dags/etl_dag.py
[2025-06-26T04:04:49.842+0000] {processor.py:840} INFO - DAG(s) 'etl_pipeline' retrieved from /opt/airflow/dags/etl_dag.py
[2025-06-26T04:04:49.868+0000] {logging_mixin.py:188} INFO - [2025-06-26T04:04:49.867+0000] {dag.py:3096} INFO - Sync 1 DAGs
[2025-06-26T04:04:49.888+0000] {logging_mixin.py:188} INFO - [2025-06-26T04:04:49.888+0000] {dag.py:3954} INFO - Setting next_dagrun for etl_pipeline to 2025-06-26 00:00:00+00:00, run_after=2025-06-27 00:00:00+00:00
[2025-06-26T04:04:49.944+0000] {processor.py:183} INFO - Processing /opt/airflow/dags/etl_dag.py took 0.396 seconds
[2025-06-26T04:05:20.244+0000] {processor.py:161} INFO - Started process (PID=234) to work on /opt/airflow/dags/etl_dag.py
[2025-06-26T04:05:20.245+0000] {processor.py:830} INFO - Processing file /opt/airflow/dags/etl_dag.py for tasks to queue
[2025-06-26T04:05:20.247+0000] {logging_mixin.py:188} INFO - [2025-06-26T04:05:20.246+0000] {dagbag.py:545} INFO - Filling up the DagBag from /opt/airflow/dags/etl_dag.py
[2025-06-26T04:05:20.493+0000] {processor.py:840} INFO - DAG(s) 'etl_pipeline' retrieved from /opt/airflow/dags/etl_dag.py
[2025-06-26T04:05:20.514+0000] {logging_mixin.py:188} INFO - [2025-06-26T04:05:20.513+0000] {dag.py:3096} INFO - Sync 1 DAGs
[2025-06-26T04:05:20.532+0000] {logging_mixin.py:188} INFO - [2025-06-26T04:05:20.532+0000] {dag.py:3954} INFO - Setting next_dagrun for etl_pipeline to 2025-06-26 00:00:00+00:00, run_after=2025-06-27 00:00:00+00:00
[2025-06-26T04:05:20.549+0000] {processor.py:183} INFO - Processing /opt/airflow/dags/etl_dag.py took 0.310 seconds
[2025-06-26T04:05:50.836+0000] {processor.py:161} INFO - Started process (PID=236) to work on /opt/airflow/dags/etl_dag.py
[2025-06-26T04:05:50.837+0000] {processor.py:830} INFO - Processing file /opt/airflow/dags/etl_dag.py for tasks to queue
[2025-06-26T04:05:50.839+0000] {logging_mixin.py:188} INFO - [2025-06-26T04:05:50.839+0000] {dagbag.py:545} INFO - Filling up the DagBag from /opt/airflow/dags/etl_dag.py
[2025-06-26T04:05:51.201+0000] {processor.py:840} INFO - DAG(s) 'etl_pipeline' retrieved from /opt/airflow/dags/etl_dag.py
[2025-06-26T04:05:51.235+0000] {logging_mixin.py:188} INFO - [2025-06-26T04:05:51.234+0000] {dag.py:3096} INFO - Sync 1 DAGs
[2025-06-26T04:05:51.258+0000] {logging_mixin.py:188} INFO - [2025-06-26T04:05:51.258+0000] {dag.py:3954} INFO - Setting next_dagrun for etl_pipeline to 2025-06-26 00:00:00+00:00, run_after=2025-06-27 00:00:00+00:00
[2025-06-26T04:05:51.277+0000] {processor.py:183} INFO - Processing /opt/airflow/dags/etl_dag.py took 0.448 seconds
[2025-06-26T04:06:21.598+0000] {processor.py:161} INFO - Started process (PID=238) to work on /opt/airflow/dags/etl_dag.py
[2025-06-26T04:06:21.599+0000] {processor.py:830} INFO - Processing file /opt/airflow/dags/etl_dag.py for tasks to queue
[2025-06-26T04:06:21.601+0000] {logging_mixin.py:188} INFO - [2025-06-26T04:06:21.601+0000] {dagbag.py:545} INFO - Filling up the DagBag from /opt/airflow/dags/etl_dag.py
[2025-06-26T04:06:21.854+0000] {processor.py:840} INFO - DAG(s) 'etl_pipeline' retrieved from /opt/airflow/dags/etl_dag.py
[2025-06-26T04:06:21.875+0000] {logging_mixin.py:188} INFO - [2025-06-26T04:06:21.875+0000] {dag.py:3096} INFO - Sync 1 DAGs
[2025-06-26T04:06:21.894+0000] {logging_mixin.py:188} INFO - [2025-06-26T04:06:21.894+0000] {dag.py:3954} INFO - Setting next_dagrun for etl_pipeline to 2025-06-26 00:00:00+00:00, run_after=2025-06-27 00:00:00+00:00
[2025-06-26T04:06:21.924+0000] {processor.py:183} INFO - Processing /opt/airflow/dags/etl_dag.py took 0.331 seconds
[2025-06-26T04:06:52.269+0000] {processor.py:161} INFO - Started process (PID=240) to work on /opt/airflow/dags/etl_dag.py
[2025-06-26T04:06:52.269+0000] {processor.py:830} INFO - Processing file /opt/airflow/dags/etl_dag.py for tasks to queue
[2025-06-26T04:06:52.271+0000] {logging_mixin.py:188} INFO - [2025-06-26T04:06:52.271+0000] {dagbag.py:545} INFO - Filling up the DagBag from /opt/airflow/dags/etl_dag.py
[2025-06-26T04:06:52.522+0000] {processor.py:840} INFO - DAG(s) 'etl_pipeline' retrieved from /opt/airflow/dags/etl_dag.py
[2025-06-26T04:06:52.544+0000] {logging_mixin.py:188} INFO - [2025-06-26T04:06:52.543+0000] {dag.py:3096} INFO - Sync 1 DAGs
[2025-06-26T04:06:52.563+0000] {logging_mixin.py:188} INFO - [2025-06-26T04:06:52.563+0000] {dag.py:3954} INFO - Setting next_dagrun for etl_pipeline to 2025-06-26 00:00:00+00:00, run_after=2025-06-27 00:00:00+00:00
[2025-06-26T04:06:52.578+0000] {processor.py:183} INFO - Processing /opt/airflow/dags/etl_dag.py took 0.315 seconds
[2025-06-26T04:07:22.925+0000] {processor.py:161} INFO - Started process (PID=242) to work on /opt/airflow/dags/etl_dag.py
[2025-06-26T04:07:22.926+0000] {processor.py:830} INFO - Processing file /opt/airflow/dags/etl_dag.py for tasks to queue
[2025-06-26T04:07:22.928+0000] {logging_mixin.py:188} INFO - [2025-06-26T04:07:22.927+0000] {dagbag.py:545} INFO - Filling up the DagBag from /opt/airflow/dags/etl_dag.py
[2025-06-26T04:07:23.191+0000] {processor.py:840} INFO - DAG(s) 'etl_pipeline' retrieved from /opt/airflow/dags/etl_dag.py
[2025-06-26T04:07:23.224+0000] {logging_mixin.py:188} INFO - [2025-06-26T04:07:23.224+0000] {dag.py:3096} INFO - Sync 1 DAGs
[2025-06-26T04:07:23.252+0000] {logging_mixin.py:188} INFO - [2025-06-26T04:07:23.252+0000] {dag.py:3954} INFO - Setting next_dagrun for etl_pipeline to 2025-06-26 00:00:00+00:00, run_after=2025-06-27 00:00:00+00:00
[2025-06-26T04:07:23.278+0000] {processor.py:183} INFO - Processing /opt/airflow/dags/etl_dag.py took 0.358 seconds
[2025-06-26T04:07:53.514+0000] {processor.py:161} INFO - Started process (PID=244) to work on /opt/airflow/dags/etl_dag.py
[2025-06-26T04:07:53.515+0000] {processor.py:830} INFO - Processing file /opt/airflow/dags/etl_dag.py for tasks to queue
[2025-06-26T04:07:53.517+0000] {logging_mixin.py:188} INFO - [2025-06-26T04:07:53.517+0000] {dagbag.py:545} INFO - Filling up the DagBag from /opt/airflow/dags/etl_dag.py
[2025-06-26T04:07:53.781+0000] {processor.py:840} INFO - DAG(s) 'etl_pipeline' retrieved from /opt/airflow/dags/etl_dag.py
[2025-06-26T04:07:53.803+0000] {logging_mixin.py:188} INFO - [2025-06-26T04:07:53.803+0000] {dag.py:3096} INFO - Sync 1 DAGs
[2025-06-26T04:07:53.822+0000] {logging_mixin.py:188} INFO - [2025-06-26T04:07:53.821+0000] {dag.py:3954} INFO - Setting next_dagrun for etl_pipeline to 2025-06-26 00:00:00+00:00, run_after=2025-06-27 00:00:00+00:00
[2025-06-26T04:07:53.867+0000] {processor.py:183} INFO - Processing /opt/airflow/dags/etl_dag.py took 0.357 seconds
[2025-06-26T04:08:24.205+0000] {processor.py:161} INFO - Started process (PID=246) to work on /opt/airflow/dags/etl_dag.py
[2025-06-26T04:08:24.206+0000] {processor.py:830} INFO - Processing file /opt/airflow/dags/etl_dag.py for tasks to queue
[2025-06-26T04:08:24.208+0000] {logging_mixin.py:188} INFO - [2025-06-26T04:08:24.208+0000] {dagbag.py:545} INFO - Filling up the DagBag from /opt/airflow/dags/etl_dag.py
[2025-06-26T04:08:24.468+0000] {processor.py:840} INFO - DAG(s) 'etl_pipeline' retrieved from /opt/airflow/dags/etl_dag.py
[2025-06-26T04:08:24.491+0000] {logging_mixin.py:188} INFO - [2025-06-26T04:08:24.491+0000] {dag.py:3096} INFO - Sync 1 DAGs
[2025-06-26T04:08:24.513+0000] {logging_mixin.py:188} INFO - [2025-06-26T04:08:24.512+0000] {dag.py:3954} INFO - Setting next_dagrun for etl_pipeline to 2025-06-26 00:00:00+00:00, run_after=2025-06-27 00:00:00+00:00
[2025-06-26T04:08:24.528+0000] {processor.py:183} INFO - Processing /opt/airflow/dags/etl_dag.py took 0.328 seconds
[2025-06-26T04:08:54.769+0000] {processor.py:161} INFO - Started process (PID=248) to work on /opt/airflow/dags/etl_dag.py
[2025-06-26T04:08:54.770+0000] {processor.py:830} INFO - Processing file /opt/airflow/dags/etl_dag.py for tasks to queue
[2025-06-26T04:08:54.772+0000] {logging_mixin.py:188} INFO - [2025-06-26T04:08:54.772+0000] {dagbag.py:545} INFO - Filling up the DagBag from /opt/airflow/dags/etl_dag.py
[2025-06-26T04:08:55.016+0000] {processor.py:840} INFO - DAG(s) 'etl_pipeline' retrieved from /opt/airflow/dags/etl_dag.py
[2025-06-26T04:08:55.036+0000] {logging_mixin.py:188} INFO - [2025-06-26T04:08:55.036+0000] {dag.py:3096} INFO - Sync 1 DAGs
[2025-06-26T04:08:55.053+0000] {logging_mixin.py:188} INFO - [2025-06-26T04:08:55.053+0000] {dag.py:3954} INFO - Setting next_dagrun for etl_pipeline to 2025-06-26 00:00:00+00:00, run_after=2025-06-27 00:00:00+00:00
[2025-06-26T04:08:55.103+0000] {processor.py:183} INFO - Processing /opt/airflow/dags/etl_dag.py took 0.339 seconds
[2025-06-26T04:09:25.395+0000] {processor.py:161} INFO - Started process (PID=250) to work on /opt/airflow/dags/etl_dag.py
[2025-06-26T04:09:25.397+0000] {processor.py:830} INFO - Processing file /opt/airflow/dags/etl_dag.py for tasks to queue
[2025-06-26T04:09:25.399+0000] {logging_mixin.py:188} INFO - [2025-06-26T04:09:25.398+0000] {dagbag.py:545} INFO - Filling up the DagBag from /opt/airflow/dags/etl_dag.py
[2025-06-26T04:09:25.646+0000] {processor.py:840} INFO - DAG(s) 'etl_pipeline' retrieved from /opt/airflow/dags/etl_dag.py
[2025-06-26T04:09:25.669+0000] {logging_mixin.py:188} INFO - [2025-06-26T04:09:25.668+0000] {dag.py:3096} INFO - Sync 1 DAGs
[2025-06-26T04:09:25.687+0000] {logging_mixin.py:188} INFO - [2025-06-26T04:09:25.687+0000] {dag.py:3954} INFO - Setting next_dagrun for etl_pipeline to 2025-06-26 00:00:00+00:00, run_after=2025-06-27 00:00:00+00:00
[2025-06-26T04:09:25.725+0000] {processor.py:183} INFO - Processing /opt/airflow/dags/etl_dag.py took 0.335 seconds
[2025-06-26T04:09:55.975+0000] {processor.py:161} INFO - Started process (PID=252) to work on /opt/airflow/dags/etl_dag.py
[2025-06-26T04:09:55.976+0000] {processor.py:830} INFO - Processing file /opt/airflow/dags/etl_dag.py for tasks to queue
[2025-06-26T04:09:55.977+0000] {logging_mixin.py:188} INFO - [2025-06-26T04:09:55.977+0000] {dagbag.py:545} INFO - Filling up the DagBag from /opt/airflow/dags/etl_dag.py
[2025-06-26T04:09:56.237+0000] {processor.py:840} INFO - DAG(s) 'etl_pipeline' retrieved from /opt/airflow/dags/etl_dag.py
[2025-06-26T04:09:56.259+0000] {logging_mixin.py:188} INFO - [2025-06-26T04:09:56.259+0000] {dag.py:3096} INFO - Sync 1 DAGs
[2025-06-26T04:09:56.280+0000] {logging_mixin.py:188} INFO - [2025-06-26T04:09:56.280+0000] {dag.py:3954} INFO - Setting next_dagrun for etl_pipeline to 2025-06-26 00:00:00+00:00, run_after=2025-06-27 00:00:00+00:00
[2025-06-26T04:09:56.298+0000] {processor.py:183} INFO - Processing /opt/airflow/dags/etl_dag.py took 0.329 seconds
[2025-06-26T04:10:26.567+0000] {processor.py:161} INFO - Started process (PID=254) to work on /opt/airflow/dags/etl_dag.py
[2025-06-26T04:10:26.568+0000] {processor.py:830} INFO - Processing file /opt/airflow/dags/etl_dag.py for tasks to queue
[2025-06-26T04:10:26.570+0000] {logging_mixin.py:188} INFO - [2025-06-26T04:10:26.570+0000] {dagbag.py:545} INFO - Filling up the DagBag from /opt/airflow/dags/etl_dag.py
[2025-06-26T04:10:26.825+0000] {processor.py:840} INFO - DAG(s) 'etl_pipeline' retrieved from /opt/airflow/dags/etl_dag.py
[2025-06-26T04:10:26.847+0000] {logging_mixin.py:188} INFO - [2025-06-26T04:10:26.846+0000] {dag.py:3096} INFO - Sync 1 DAGs
[2025-06-26T04:10:26.865+0000] {logging_mixin.py:188} INFO - [2025-06-26T04:10:26.865+0000] {dag.py:3954} INFO - Setting next_dagrun for etl_pipeline to 2025-06-26 00:00:00+00:00, run_after=2025-06-27 00:00:00+00:00
[2025-06-26T04:10:26.884+0000] {processor.py:183} INFO - Processing /opt/airflow/dags/etl_dag.py took 0.321 seconds
[2025-06-26T04:10:56.951+0000] {processor.py:161} INFO - Started process (PID=256) to work on /opt/airflow/dags/etl_dag.py
[2025-06-26T04:10:56.953+0000] {processor.py:830} INFO - Processing file /opt/airflow/dags/etl_dag.py for tasks to queue
[2025-06-26T04:10:56.954+0000] {logging_mixin.py:188} INFO - [2025-06-26T04:10:56.954+0000] {dagbag.py:545} INFO - Filling up the DagBag from /opt/airflow/dags/etl_dag.py
[2025-06-26T04:10:57.211+0000] {processor.py:840} INFO - DAG(s) 'etl_pipeline' retrieved from /opt/airflow/dags/etl_dag.py
[2025-06-26T04:10:57.233+0000] {logging_mixin.py:188} INFO - [2025-06-26T04:10:57.233+0000] {dag.py:3096} INFO - Sync 1 DAGs
[2025-06-26T04:10:57.250+0000] {logging_mixin.py:188} INFO - [2025-06-26T04:10:57.250+0000] {dag.py:3954} INFO - Setting next_dagrun for etl_pipeline to 2025-06-26 00:00:00+00:00, run_after=2025-06-27 00:00:00+00:00
[2025-06-26T04:10:57.266+0000] {processor.py:183} INFO - Processing /opt/airflow/dags/etl_dag.py took 0.320 seconds
[2025-06-26T04:11:27.499+0000] {processor.py:161} INFO - Started process (PID=258) to work on /opt/airflow/dags/etl_dag.py
[2025-06-26T04:11:27.500+0000] {processor.py:830} INFO - Processing file /opt/airflow/dags/etl_dag.py for tasks to queue
[2025-06-26T04:11:27.502+0000] {logging_mixin.py:188} INFO - [2025-06-26T04:11:27.502+0000] {dagbag.py:545} INFO - Filling up the DagBag from /opt/airflow/dags/etl_dag.py
[2025-06-26T04:11:27.771+0000] {processor.py:840} INFO - DAG(s) 'etl_pipeline' retrieved from /opt/airflow/dags/etl_dag.py
[2025-06-26T04:11:27.795+0000] {logging_mixin.py:188} INFO - [2025-06-26T04:11:27.794+0000] {dag.py:3096} INFO - Sync 1 DAGs
[2025-06-26T04:11:27.814+0000] {logging_mixin.py:188} INFO - [2025-06-26T04:11:27.814+0000] {dag.py:3954} INFO - Setting next_dagrun for etl_pipeline to 2025-06-26 00:00:00+00:00, run_after=2025-06-27 00:00:00+00:00
[2025-06-26T04:11:27.832+0000] {processor.py:183} INFO - Processing /opt/airflow/dags/etl_dag.py took 0.338 seconds
[2025-06-26T04:11:58.127+0000] {processor.py:161} INFO - Started process (PID=260) to work on /opt/airflow/dags/etl_dag.py
[2025-06-26T04:11:58.128+0000] {processor.py:830} INFO - Processing file /opt/airflow/dags/etl_dag.py for tasks to queue
[2025-06-26T04:11:58.130+0000] {logging_mixin.py:188} INFO - [2025-06-26T04:11:58.130+0000] {dagbag.py:545} INFO - Filling up the DagBag from /opt/airflow/dags/etl_dag.py
[2025-06-26T04:11:58.410+0000] {processor.py:840} INFO - DAG(s) 'etl_pipeline' retrieved from /opt/airflow/dags/etl_dag.py
[2025-06-26T04:11:58.436+0000] {logging_mixin.py:188} INFO - [2025-06-26T04:11:58.435+0000] {dag.py:3096} INFO - Sync 1 DAGs
[2025-06-26T04:11:58.456+0000] {logging_mixin.py:188} INFO - [2025-06-26T04:11:58.456+0000] {dag.py:3954} INFO - Setting next_dagrun for etl_pipeline to 2025-06-26 00:00:00+00:00, run_after=2025-06-27 00:00:00+00:00
[2025-06-26T04:11:58.507+0000] {processor.py:183} INFO - Processing /opt/airflow/dags/etl_dag.py took 0.385 seconds
