[2025-06-22T15:33:11.091+0000] {local_task_job_runner.py:120} INFO - ::group::Pre task execution logs
[2025-06-22T15:33:11.187+0000] {taskinstance.py:2076} INFO - Dependencies all met for dep_context=non-requeueable deps ti=<TaskInstance: etl_pipeline.print_date scheduled__2025-06-21T00:00:00+00:00 [queued]>
[2025-06-22T15:33:11.194+0000] {taskinstance.py:2076} INFO - Dependencies all met for dep_context=requeueable deps ti=<TaskInstance: etl_pipeline.print_date scheduled__2025-06-21T00:00:00+00:00 [queued]>
[2025-06-22T15:33:11.195+0000] {taskinstance.py:2306} INFO - Starting attempt 1 of 2
[2025-06-22T15:33:11.206+0000] {taskinstance.py:2330} INFO - Executing <Task(_PythonDecoratedOperator): print_date> on 2025-06-21 00:00:00+00:00
[2025-06-22T15:33:11.210+0000] {standard_task_runner.py:63} INFO - Started process 358 to run task
[2025-06-22T15:33:11.212+0000] {standard_task_runner.py:90} INFO - Running: ['airflow', 'tasks', 'run', 'etl_pipeline', 'print_date', 'scheduled__2025-06-21T00:00:00+00:00', '--job-id', '9', '--raw', '--subdir', 'DAGS_FOLDER/etl_dag.py', '--cfg-path', '/tmp/tmp8c2upius']
[2025-06-22T15:33:11.214+0000] {standard_task_runner.py:91} INFO - Job 9: Subtask print_date
[2025-06-22T15:33:11.256+0000] {task_command.py:426} INFO - Running <TaskInstance: etl_pipeline.print_date scheduled__2025-06-21T00:00:00+00:00 [running]> on host 47c1898b7ad3
[2025-06-22T15:33:11.320+0000] {taskinstance.py:2648} INFO - Exporting env vars: AIRFLOW_CTX_DAG_OWNER='airflow' AIRFLOW_CTX_DAG_ID='etl_pipeline' AIRFLOW_CTX_TASK_ID='print_date' AIRFLOW_CTX_EXECUTION_DATE='2025-06-21T00:00:00+00:00' AIRFLOW_CTX_TRY_NUMBER='1' AIRFLOW_CTX_DAG_RUN_ID='scheduled__2025-06-21T00:00:00+00:00'
[2025-06-22T15:33:11.321+0000] {taskinstance.py:430} INFO - ::endgroup::
[2025-06-22T15:33:11.322+0000] {logging_mixin.py:188} INFO - Fecha actual: 2025-06-22 15:33:11.322263
[2025-06-22T15:33:11.322+0000] {python.py:237} INFO - Done. Returned value was: None
[2025-06-22T15:33:11.323+0000] {taskinstance.py:441} INFO - ::group::Post task execution logs
[2025-06-22T15:33:11.329+0000] {taskinstance.py:1206} INFO - Marking task as SUCCESS. dag_id=etl_pipeline, task_id=print_date, run_id=scheduled__2025-06-21T00:00:00+00:00, execution_date=20250621T000000, start_date=20250622T153311, end_date=20250622T153311
[2025-06-22T15:33:11.349+0000] {local_task_job_runner.py:240} INFO - Task exited with return code 0
[2025-06-22T15:33:11.362+0000] {taskinstance.py:3498} INFO - 0 downstream tasks scheduled from follow-on schedule check
[2025-06-22T15:33:11.364+0000] {local_task_job_runner.py:222} INFO - ::endgroup::
[2025-06-22T15:41:45.800+0000] {local_task_job_runner.py:120} INFO - ::group::Pre task execution logs
[2025-06-22T15:41:45.897+0000] {taskinstance.py:2076} INFO - Dependencies all met for dep_context=non-requeueable deps ti=<TaskInstance: etl_pipeline.print_date scheduled__2025-06-21T00:00:00+00:00 [queued]>
[2025-06-22T15:41:45.906+0000] {taskinstance.py:2076} INFO - Dependencies all met for dep_context=requeueable deps ti=<TaskInstance: etl_pipeline.print_date scheduled__2025-06-21T00:00:00+00:00 [queued]>
[2025-06-22T15:41:45.907+0000] {taskinstance.py:2306} INFO - Starting attempt 1 of 2
[2025-06-22T15:41:45.917+0000] {taskinstance.py:2330} INFO - Executing <Task(_PythonDecoratedOperator): print_date> on 2025-06-21 00:00:00+00:00
[2025-06-22T15:41:45.922+0000] {standard_task_runner.py:63} INFO - Started process 643 to run task
[2025-06-22T15:41:45.925+0000] {standard_task_runner.py:90} INFO - Running: ['airflow', 'tasks', 'run', 'etl_pipeline', 'print_date', 'scheduled__2025-06-21T00:00:00+00:00', '--job-id', '24', '--raw', '--subdir', 'DAGS_FOLDER/etl_dag.py', '--cfg-path', '/tmp/tmpxq0pl8zz']
[2025-06-22T15:41:45.928+0000] {standard_task_runner.py:91} INFO - Job 24: Subtask print_date
[2025-06-22T15:41:45.979+0000] {task_command.py:426} INFO - Running <TaskInstance: etl_pipeline.print_date scheduled__2025-06-21T00:00:00+00:00 [running]> on host 47c1898b7ad3
[2025-06-22T15:41:46.055+0000] {taskinstance.py:2648} INFO - Exporting env vars: AIRFLOW_CTX_DAG_OWNER='airflow' AIRFLOW_CTX_DAG_ID='etl_pipeline' AIRFLOW_CTX_TASK_ID='print_date' AIRFLOW_CTX_EXECUTION_DATE='2025-06-21T00:00:00+00:00' AIRFLOW_CTX_TRY_NUMBER='1' AIRFLOW_CTX_DAG_RUN_ID='scheduled__2025-06-21T00:00:00+00:00'
[2025-06-22T15:41:46.056+0000] {taskinstance.py:430} INFO - ::endgroup::
[2025-06-22T15:41:46.057+0000] {logging_mixin.py:188} INFO - Fecha actual: 2025-06-22 15:41:46.057458
[2025-06-22T15:41:46.057+0000] {python.py:237} INFO - Done. Returned value was: None
[2025-06-22T15:41:46.058+0000] {taskinstance.py:441} INFO - ::group::Post task execution logs
[2025-06-22T15:41:46.065+0000] {taskinstance.py:1206} INFO - Marking task as SUCCESS. dag_id=etl_pipeline, task_id=print_date, run_id=scheduled__2025-06-21T00:00:00+00:00, execution_date=20250621T000000, start_date=20250622T154145, end_date=20250622T154146
[2025-06-22T15:41:46.103+0000] {local_task_job_runner.py:240} INFO - Task exited with return code 0
[2025-06-22T15:41:46.124+0000] {taskinstance.py:3498} INFO - 0 downstream tasks scheduled from follow-on schedule check
[2025-06-22T15:41:46.126+0000] {local_task_job_runner.py:222} INFO - ::endgroup::
