Simulando inicio de database_connector a las Wed May 28 09:19:59 -05 2025
Paso de arranque 1: verificando sub-componente 1...
Paso de arranque 2: verificando sub-componente 2...
Paso de arranque 3: verificando sub-componente 3...
Paso de arranque 4: verificando sub-componente 4...
Paso de arranque 5: verificando sub-componente 5...
Paso de arranque 6: verificando sub-componente 6...
Paso de arranque 7: verificando sub-componente 7...
Paso de arranque 8: verificando sub-componente 8...
Paso de arranque 9: verificando sub-componente 9...
Paso de arranque 10: verificando sub-componente 10...
Paso de arranque 11: verificando sub-componente 11...
Paso de arranque 12: verificando sub-componente 12...
Paso de arranque 13: verificando sub-componente 13...
Paso de arranque 14: verificando sub-componente 14...
Paso de arranque 15: verificando sub-componente 15...
Paso de arranque 16: verificando sub-componente 16...
Paso de arranque 17: verificando sub-componente 17...
Paso de arranque 18: verificando sub-componente 18...
Paso de arranque 19: verificando sub-componente 19...
Paso de arranque 20: verificando sub-componente 20...
Paso de arranque 21: verificando sub-componente 21...
Paso de arranque 22: verificando sub-componente 22...
Paso de arranque 23: verificando sub-componente 23...
Paso de arranque 24: verificando sub-componente 24...
Paso de arranque 25: verificando sub-componente 25...
Servicio database_connector 'iniciado'. PID guardado en /home/glusin/actividad/Proyecto_iac_local/generated_environment/services/database_connector_v1.0.0/database_connector.pid
Simulando inicio de database_connector a las Wed May 28 09:22:23 -05 2025
Paso de arranque 1: verificando sub-componente 1...
Paso de arranque 2: verificando sub-componente 2...
Paso de arranque 3: verificando sub-componente 3...
Paso de arranque 4: verificando sub-componente 4...
Paso de arranque 5: verificando sub-componente 5...
Paso de arranque 6: verificando sub-componente 6...
Paso de arranque 7: verificando sub-componente 7...
Paso de arranque 8: verificando sub-componente 8...
Paso de arranque 9: verificando sub-componente 9...
Paso de arranque 10: verificando sub-componente 10...
Paso de arranque 11: verificando sub-componente 11...
Paso de arranque 12: verificando sub-componente 12...
Paso de arranque 13: verificando sub-componente 13...
Paso de arranque 14: verificando sub-componente 14...
Paso de arranque 15: verificando sub-componente 15...
Paso de arranque 16: verificando sub-componente 16...
Paso de arranque 17: verificando sub-componente 17...
Paso de arranque 18: verificando sub-componente 18...
Paso de arranque 19: verificando sub-componente 19...
Paso de arranque 20: verificando sub-componente 20...
Paso de arranque 21: verificando sub-componente 21...
Paso de arranque 22: verificando sub-componente 22...
Paso de arranque 23: verificando sub-componente 23...
Paso de arranque 24: verificando sub-componente 24...
Paso de arranque 25: verificando sub-componente 25...
Servicio database_connector 'iniciado'. PID guardado en /home/glusin/actividad/Proyecto_iac_local/generated_environment/services/database_connector_v1.0.0/database_connector.pid
Simulando inicio de database_connector a las Wed May 28 09:24:13 -05 2025
Paso de arranque 1: verificando sub-componente 1...
Paso de arranque 2: verificando sub-componente 2...
Paso de arranque 3: verificando sub-componente 3...
Paso de arranque 4: verificando sub-componente 4...
Paso de arranque 5: verificando sub-componente 5...
Paso de arranque 6: verificando sub-componente 6...
Paso de arranque 7: verificando sub-componente 7...
Paso de arranque 8: verificando sub-componente 8...
Paso de arranque 9: verificando sub-componente 9...
Paso de arranque 10: verificando sub-componente 10...
Paso de arranque 11: verificando sub-componente 11...
Paso de arranque 12: verificando sub-componente 12...
Paso de arranque 13: verificando sub-componente 13...
Paso de arranque 14: verificando sub-componente 14...
Paso de arranque 15: verificando sub-componente 15...
Paso de arranque 16: verificando sub-componente 16...
Paso de arranque 17: verificando sub-componente 17...
Paso de arranque 18: verificando sub-componente 18...
Paso de arranque 19: verificando sub-componente 19...
Paso de arranque 20: verificando sub-componente 20...
Paso de arranque 21: verificando sub-componente 21...
Paso de arranque 22: verificando sub-componente 22...
Paso de arranque 23: verificando sub-componente 23...
Paso de arranque 24: verificando sub-componente 24...
Paso de arranque 25: verificando sub-componente 25...
Servicio database_connector 'iniciado'. PID guardado en /home/glusin/actividad/Proyecto_iac_local/generated_environment/services/database_connector_v1.0.0/database_connector.pid
Simulando inicio de database_connector a las Wed May 28 09:25:20 -05 2025
Paso de arranque 1: verificando sub-componente 1...
Paso de arranque 2: verificando sub-componente 2...
Paso de arranque 3: verificando sub-componente 3...
Paso de arranque 4: verificando sub-componente 4...
Paso de arranque 5: verificando sub-componente 5...
Paso de arranque 6: verificando sub-componente 6...
Paso de arranque 7: verificando sub-componente 7...
Paso de arranque 8: verificando sub-componente 8...
Paso de arranque 9: verificando sub-componente 9...
Paso de arranque 10: verificando sub-componente 10...
Paso de arranque 11: verificando sub-componente 11...
Paso de arranque 12: verificando sub-componente 12...
Paso de arranque 13: verificando sub-componente 13...
Paso de arranque 14: verificando sub-componente 14...
Paso de arranque 15: verificando sub-componente 15...
Paso de arranque 16: verificando sub-componente 16...
Paso de arranque 17: verificando sub-componente 17...
Paso de arranque 18: verificando sub-componente 18...
Paso de arranque 19: verificando sub-componente 19...
Paso de arranque 20: verificando sub-componente 20...
Paso de arranque 21: verificando sub-componente 21...
Paso de arranque 22: verificando sub-componente 22...
Paso de arranque 23: verificando sub-componente 23...
Paso de arranque 24: verificando sub-componente 24...
Paso de arranque 25: verificando sub-componente 25...
Servicio database_connector 'iniciado'. PID guardado en /home/glusin/actividad/Proyecto_iac_local/generated_environment/services/database_connector_v1.0.0/database_connector.pid
Simulando inicio de database_connector a las Wed May 28 09:27:54 -05 2025
Paso de arranque 1: verificando sub-componente 1...
Paso de arranque 2: verificando sub-componente 2...
Paso de arranque 3: verificando sub-componente 3...
Paso de arranque 4: verificando sub-componente 4...
Paso de arranque 5: verificando sub-componente 5...
Paso de arranque 6: verificando sub-componente 6...
Paso de arranque 7: verificando sub-componente 7...
Paso de arranque 8: verificando sub-componente 8...
Paso de arranque 9: verificando sub-componente 9...
Paso de arranque 10: verificando sub-componente 10...
Paso de arranque 11: verificando sub-componente 11...
Paso de arranque 12: verificando sub-componente 12...
Paso de arranque 13: verificando sub-componente 13...
Paso de arranque 14: verificando sub-componente 14...
Paso de arranque 15: verificando sub-componente 15...
Paso de arranque 16: verificando sub-componente 16...
Paso de arranque 17: verificando sub-componente 17...
Paso de arranque 18: verificando sub-componente 18...
Paso de arranque 19: verificando sub-componente 19...
Paso de arranque 20: verificando sub-componente 20...
Paso de arranque 21: verificando sub-componente 21...
Paso de arranque 22: verificando sub-componente 22...
Paso de arranque 23: verificando sub-componente 23...
Paso de arranque 24: verificando sub-componente 24...
Paso de arranque 25: verificando sub-componente 25...
Servicio database_connector 'iniciado'. PID guardado en /home/glusin/actividad/Proyecto_iac_local/generated_environment/services/database_connector_v1.0.0/database_connector.pid
Simulando inicio de database_connector a las Wed May 28 09:30:41 -05 2025
Paso de arranque 1: verificando sub-componente 1...
Paso de arranque 2: verificando sub-componente 2...
Paso de arranque 3: verificando sub-componente 3...
Paso de arranque 4: verificando sub-componente 4...
Paso de arranque 5: verificando sub-componente 5...
Paso de arranque 6: verificando sub-componente 6...
Paso de arranque 7: verificando sub-componente 7...
Paso de arranque 8: verificando sub-componente 8...
Paso de arranque 9: verificando sub-componente 9...
Paso de arranque 10: verificando sub-componente 10...
Paso de arranque 11: verificando sub-componente 11...
Paso de arranque 12: verificando sub-componente 12...
Paso de arranque 13: verificando sub-componente 13...
Paso de arranque 14: verificando sub-componente 14...
Paso de arranque 15: verificando sub-componente 15...
Paso de arranque 16: verificando sub-componente 16...
Paso de arranque 17: verificando sub-componente 17...
Paso de arranque 18: verificando sub-componente 18...
Paso de arranque 19: verificando sub-componente 19...
Paso de arranque 20: verificando sub-componente 20...
Paso de arranque 21: verificando sub-componente 21...
Paso de arranque 22: verificando sub-componente 22...
Paso de arranque 23: verificando sub-componente 23...
Paso de arranque 24: verificando sub-componente 24...
Paso de arranque 25: verificando sub-componente 25...
Servicio database_connector 'iniciado'. PID guardado en /home/glusin/actividad/Proyecto_iac_local/generated_environment/services/database_connector_v1.0.0/database_connector.pid
Simulando inicio de database_connector a las Wed May 28 09:35:31 -05 2025
Paso de arranque 1: verificando sub-componente 1...
Paso de arranque 2: verificando sub-componente 2...
Paso de arranque 3: verificando sub-componente 3...
Paso de arranque 4: verificando sub-componente 4...
Paso de arranque 5: verificando sub-componente 5...
Paso de arranque 6: verificando sub-componente 6...
Paso de arranque 7: verificando sub-componente 7...
Paso de arranque 8: verificando sub-componente 8...
Paso de arranque 9: verificando sub-componente 9...
Paso de arranque 10: verificando sub-componente 10...
Paso de arranque 11: verificando sub-componente 11...
Paso de arranque 12: verificando sub-componente 12...
Paso de arranque 13: verificando sub-componente 13...
Paso de arranque 14: verificando sub-componente 14...
Paso de arranque 15: verificando sub-componente 15...
Paso de arranque 16: verificando sub-componente 16...
Paso de arranque 17: verificando sub-componente 17...
Paso de arranque 18: verificando sub-componente 18...
Paso de arranque 19: verificando sub-componente 19...
Paso de arranque 20: verificando sub-componente 20...
Paso de arranque 21: verificando sub-componente 21...
Paso de arranque 22: verificando sub-componente 22...
Paso de arranque 23: verificando sub-componente 23...
Paso de arranque 24: verificando sub-componente 24...
Paso de arranque 25: verificando sub-componente 25...
Servicio database_connector 'iniciado'. PID guardado en /home/glusin/actividad/Proyecto_iac_local/generated_environment/services/database_connector_v1.0.0/database_connector.pid
Simulando inicio de database_connector a las Wed May 28 09:35:36 -05 2025
Paso de arranque 1: verificando sub-componente 1...
Paso de arranque 2: verificando sub-componente 2...
Paso de arranque 3: verificando sub-componente 3...
Paso de arranque 4: verificando sub-componente 4...
Paso de arranque 5: verificando sub-componente 5...
Paso de arranque 6: verificando sub-componente 6...
Paso de arranque 7: verificando sub-componente 7...
Paso de arranque 8: verificando sub-componente 8...
Paso de arranque 9: verificando sub-componente 9...
Paso de arranque 10: verificando sub-componente 10...
Paso de arranque 11: verificando sub-componente 11...
Paso de arranque 12: verificando sub-componente 12...
Paso de arranque 13: verificando sub-componente 13...
Paso de arranque 14: verificando sub-componente 14...
Paso de arranque 15: verificando sub-componente 15...
Paso de arranque 16: verificando sub-componente 16...
Paso de arranque 17: verificando sub-componente 17...
Paso de arranque 18: verificando sub-componente 18...
Paso de arranque 19: verificando sub-componente 19...
Paso de arranque 20: verificando sub-componente 20...
Paso de arranque 21: verificando sub-componente 21...
Paso de arranque 22: verificando sub-componente 22...
Paso de arranque 23: verificando sub-componente 23...
Paso de arranque 24: verificando sub-componente 24...
Paso de arranque 25: verificando sub-componente 25...
Servicio database_connector 'iniciado'. PID guardado en /home/glusin/actividad/Proyecto_iac_local/generated_environment/services/database_connector_v1.0.0/database_connector.pid
Simulando inicio de database_connector a las Wed May 28 09:39:45 -05 2025
Paso de arranque 1: verificando sub-componente 1...
Paso de arranque 2: verificando sub-componente 2...
Paso de arranque 3: verificando sub-componente 3...
Paso de arranque 4: verificando sub-componente 4...
Paso de arranque 5: verificando sub-componente 5...
Paso de arranque 6: verificando sub-componente 6...
Paso de arranque 7: verificando sub-componente 7...
Paso de arranque 8: verificando sub-componente 8...
Paso de arranque 9: verificando sub-componente 9...
Paso de arranque 10: verificando sub-componente 10...
Paso de arranque 11: verificando sub-componente 11...
Paso de arranque 12: verificando sub-componente 12...
Paso de arranque 13: verificando sub-componente 13...
Paso de arranque 14: verificando sub-componente 14...
Paso de arranque 15: verificando sub-componente 15...
Paso de arranque 16: verificando sub-componente 16...
Paso de arranque 17: verificando sub-componente 17...
Paso de arranque 18: verificando sub-componente 18...
Paso de arranque 19: verificando sub-componente 19...
Paso de arranque 20: verificando sub-componente 20...
Paso de arranque 21: verificando sub-componente 21...
Paso de arranque 22: verificando sub-componente 22...
Paso de arranque 23: verificando sub-componente 23...
Paso de arranque 24: verificando sub-componente 24...
Paso de arranque 25: verificando sub-componente 25...
Servicio database_connector 'iniciado'. PID guardado en /home/glusin/actividad/Proyecto_iac_local/generated_environment/services/database_connector_v1.0.0/database_connector.pid
Simulando inicio de database_connector a las Wed May 28 09:39:53 -05 2025
Paso de arranque 1: verificando sub-componente 1...
Paso de arranque 2: verificando sub-componente 2...
Paso de arranque 3: verificando sub-componente 3...
Paso de arranque 4: verificando sub-componente 4...
Paso de arranque 5: verificando sub-componente 5...
Paso de arranque 6: verificando sub-componente 6...
Paso de arranque 7: verificando sub-componente 7...
Paso de arranque 8: verificando sub-componente 8...
Paso de arranque 9: verificando sub-componente 9...
Paso de arranque 10: verificando sub-componente 10...
Paso de arranque 11: verificando sub-componente 11...
Paso de arranque 12: verificando sub-componente 12...
Paso de arranque 13: verificando sub-componente 13...
Paso de arranque 14: verificando sub-componente 14...
Paso de arranque 15: verificando sub-componente 15...
Paso de arranque 16: verificando sub-componente 16...
Paso de arranque 17: verificando sub-componente 17...
Paso de arranque 18: verificando sub-componente 18...
Paso de arranque 19: verificando sub-componente 19...
Paso de arranque 20: verificando sub-componente 20...
Paso de arranque 21: verificando sub-componente 21...
Paso de arranque 22: verificando sub-componente 22...
Paso de arranque 23: verificando sub-componente 23...
Paso de arranque 24: verificando sub-componente 24...
Paso de arranque 25: verificando sub-componente 25...
Servicio database_connector 'iniciado'. PID guardado en /home/glusin/actividad/Proyecto_iac_local/generated_environment/services/database_connector_v1.0.0/database_connector.pid
Simulando inicio de database_connector a las Wed May 28 09:42:12 -05 2025
Paso de arranque 1: verificando sub-componente 1...
Paso de arranque 2: verificando sub-componente 2...
Paso de arranque 3: verificando sub-componente 3...
Paso de arranque 4: verificando sub-componente 4...
Paso de arranque 5: verificando sub-componente 5...
Paso de arranque 6: verificando sub-componente 6...
Paso de arranque 7: verificando sub-componente 7...
Paso de arranque 8: verificando sub-componente 8...
Paso de arranque 9: verificando sub-componente 9...
Paso de arranque 10: verificando sub-componente 10...
Paso de arranque 11: verificando sub-componente 11...
Paso de arranque 12: verificando sub-componente 12...
Paso de arranque 13: verificando sub-componente 13...
Paso de arranque 14: verificando sub-componente 14...
Paso de arranque 15: verificando sub-componente 15...
Paso de arranque 16: verificando sub-componente 16...
Paso de arranque 17: verificando sub-componente 17...
Paso de arranque 18: verificando sub-componente 18...
Paso de arranque 19: verificando sub-componente 19...
Paso de arranque 20: verificando sub-componente 20...
Paso de arranque 21: verificando sub-componente 21...
Paso de arranque 22: verificando sub-componente 22...
Paso de arranque 23: verificando sub-componente 23...
Paso de arranque 24: verificando sub-componente 24...
Paso de arranque 25: verificando sub-componente 25...
Servicio database_connector 'iniciado'. PID guardado en /home/glusin/actividad/Proyecto_iac_local/generated_environment/services/database_connector_v1.0.0/database_connector.pid
Simulando inicio de database_connector a las Wed May 28 09:47:21 -05 2025
Paso de arranque 1: verificando sub-componente 1...
Paso de arranque 2: verificando sub-componente 2...
Paso de arranque 3: verificando sub-componente 3...
Paso de arranque 4: verificando sub-componente 4...
Paso de arranque 5: verificando sub-componente 5...
Paso de arranque 6: verificando sub-componente 6...
Paso de arranque 7: verificando sub-componente 7...
Paso de arranque 8: verificando sub-componente 8...
Paso de arranque 9: verificando sub-componente 9...
Paso de arranque 10: verificando sub-componente 10...
Paso de arranque 11: verificando sub-componente 11...
Paso de arranque 12: verificando sub-componente 12...
Paso de arranque 13: verificando sub-componente 13...
Paso de arranque 14: verificando sub-componente 14...
Paso de arranque 15: verificando sub-componente 15...
Paso de arranque 16: verificando sub-componente 16...
Paso de arranque 17: verificando sub-componente 17...
Paso de arranque 18: verificando sub-componente 18...
Paso de arranque 19: verificando sub-componente 19...
Paso de arranque 20: verificando sub-componente 20...
Paso de arranque 21: verificando sub-componente 21...
Paso de arranque 22: verificando sub-componente 22...
Paso de arranque 23: verificando sub-componente 23...
Paso de arranque 24: verificando sub-componente 24...
Paso de arranque 25: verificando sub-componente 25...
Servicio database_connector 'iniciado'. PID guardado en /home/glusin/actividad/Proyecto_iac_local/generated_environment/services/database_connector_v1.0.0/database_connector.pid
Simulando inicio de database_connector a las Thu May 29 17:49:03 -05 2025
Paso de arranque 1: verificando sub-componente 1...
Paso de arranque 2: verificando sub-componente 2...
Paso de arranque 3: verificando sub-componente 3...
Paso de arranque 4: verificando sub-componente 4...
Paso de arranque 5: verificando sub-componente 5...
Paso de arranque 6: verificando sub-componente 6...
Paso de arranque 7: verificando sub-componente 7...
Paso de arranque 8: verificando sub-componente 8...
Paso de arranque 9: verificando sub-componente 9...
Paso de arranque 10: verificando sub-componente 10...
Paso de arranque 11: verificando sub-componente 11...
Paso de arranque 12: verificando sub-componente 12...
Paso de arranque 13: verificando sub-componente 13...
Paso de arranque 14: verificando sub-componente 14...
Paso de arranque 15: verificando sub-componente 15...
Paso de arranque 16: verificando sub-componente 16...
Paso de arranque 17: verificando sub-componente 17...
Paso de arranque 18: verificando sub-componente 18...
Paso de arranque 19: verificando sub-componente 19...
Paso de arranque 20: verificando sub-componente 20...
Paso de arranque 21: verificando sub-componente 21...
Paso de arranque 22: verificando sub-componente 22...
Paso de arranque 23: verificando sub-componente 23...
Paso de arranque 24: verificando sub-componente 24...
Paso de arranque 25: verificando sub-componente 25...
Servicio database_connector 'iniciado'. PID guardado en /home/glusin/actividad/Proyecto_iac_local/generated_environment/services/database_connector_v1.0.0/database_connector.pid
Simulando inicio de database_connector a las Thu May 29 17:49:08 -05 2025
Paso de arranque 1: verificando sub-componente 1...
Paso de arranque 2: verificando sub-componente 2...
Paso de arranque 3: verificando sub-componente 3...
Paso de arranque 4: verificando sub-componente 4...
Paso de arranque 5: verificando sub-componente 5...
Paso de arranque 6: verificando sub-componente 6...
Paso de arranque 7: verificando sub-componente 7...
Paso de arranque 8: verificando sub-componente 8...
Paso de arranque 9: verificando sub-componente 9...
Paso de arranque 10: verificando sub-componente 10...
Paso de arranque 11: verificando sub-componente 11...
Paso de arranque 12: verificando sub-componente 12...
Paso de arranque 13: verificando sub-componente 13...
Paso de arranque 14: verificando sub-componente 14...
Paso de arranque 15: verificando sub-componente 15...
Paso de arranque 16: verificando sub-componente 16...
Paso de arranque 17: verificando sub-componente 17...
Paso de arranque 18: verificando sub-componente 18...
Paso de arranque 19: verificando sub-componente 19...
Paso de arranque 20: verificando sub-componente 20...
Paso de arranque 21: verificando sub-componente 21...
Paso de arranque 22: verificando sub-componente 22...
Paso de arranque 23: verificando sub-componente 23...
Paso de arranque 24: verificando sub-componente 24...
Paso de arranque 25: verificando sub-componente 25...
Servicio database_connector 'iniciado'. PID guardado en /home/glusin/actividad/Proyecto_iac_local/generated_environment/services/database_connector_v1.0.0/database_connector.pid
Simulando inicio de database_connector a las Thu May 29 17:55:59 -05 2025
Paso de arranque 1: verificando sub-componente 1...
Paso de arranque 2: verificando sub-componente 2...
Paso de arranque 3: verificando sub-componente 3...
Paso de arranque 4: verificando sub-componente 4...
Paso de arranque 5: verificando sub-componente 5...
Paso de arranque 6: verificando sub-componente 6...
Paso de arranque 7: verificando sub-componente 7...
Paso de arranque 8: verificando sub-componente 8...
Paso de arranque 9: verificando sub-componente 9...
Paso de arranque 10: verificando sub-componente 10...
Paso de arranque 11: verificando sub-componente 11...
Paso de arranque 12: verificando sub-componente 12...
Paso de arranque 13: verificando sub-componente 13...
Paso de arranque 14: verificando sub-componente 14...
Paso de arranque 15: verificando sub-componente 15...
Paso de arranque 16: verificando sub-componente 16...
Paso de arranque 17: verificando sub-componente 17...
Paso de arranque 18: verificando sub-componente 18...
Paso de arranque 19: verificando sub-componente 19...
Paso de arranque 20: verificando sub-componente 20...
Paso de arranque 21: verificando sub-componente 21...
Paso de arranque 22: verificando sub-componente 22...
Paso de arranque 23: verificando sub-componente 23...
Paso de arranque 24: verificando sub-componente 24...
Paso de arranque 25: verificando sub-componente 25...
Servicio database_connector 'iniciado'. PID guardado en /home/glusin/actividad/Proyecto_iac_local/generated_environment/services/database_connector_v1.0.0/database_connector.pid
Simulando inicio de database_connector a las Wed Jun 18 07:51:20 -05 2025
Paso de arranque 1: verificando sub-componente 1...
Paso de arranque 2: verificando sub-componente 2...
Paso de arranque 3: verificando sub-componente 3...
Paso de arranque 4: verificando sub-componente 4...
Paso de arranque 5: verificando sub-componente 5...
Paso de arranque 6: verificando sub-componente 6...
Paso de arranque 7: verificando sub-componente 7...
Paso de arranque 8: verificando sub-componente 8...
Paso de arranque 9: verificando sub-componente 9...
Paso de arranque 10: verificando sub-componente 10...
Paso de arranque 11: verificando sub-componente 11...
Paso de arranque 12: verificando sub-componente 12...
Paso de arranque 13: verificando sub-componente 13...
Paso de arranque 14: verificando sub-componente 14...
Paso de arranque 15: verificando sub-componente 15...
Paso de arranque 16: verificando sub-componente 16...
Paso de arranque 17: verificando sub-componente 17...
Paso de arranque 18: verificando sub-componente 18...
Paso de arranque 19: verificando sub-componente 19...
Paso de arranque 20: verificando sub-componente 20...
Paso de arranque 21: verificando sub-componente 21...
Paso de arranque 22: verificando sub-componente 22...
Paso de arranque 23: verificando sub-componente 23...
Paso de arranque 24: verificando sub-componente 24...
Paso de arranque 25: verificando sub-componente 25...
Servicio database_connector 'iniciado'. PID guardado en /home/glusin/actividad/Proyecto_iac_local/generated_environment/services/database_connector_v1.0.0/database_connector.pid
Simulando inicio de database_connector a las Wed Jun 18 07:54:26 -05 2025
Paso de arranque 1: verificando sub-componente 1...
Paso de arranque 2: verificando sub-componente 2...
Paso de arranque 3: verificando sub-componente 3...
Paso de arranque 4: verificando sub-componente 4...
Paso de arranque 5: verificando sub-componente 5...
Paso de arranque 6: verificando sub-componente 6...
Paso de arranque 7: verificando sub-componente 7...
Paso de arranque 8: verificando sub-componente 8...
Paso de arranque 9: verificando sub-componente 9...
Paso de arranque 10: verificando sub-componente 10...
Paso de arranque 11: verificando sub-componente 11...
Paso de arranque 12: verificando sub-componente 12...
Paso de arranque 13: verificando sub-componente 13...
Paso de arranque 14: verificando sub-componente 14...
Paso de arranque 15: verificando sub-componente 15...
Paso de arranque 16: verificando sub-componente 16...
Paso de arranque 17: verificando sub-componente 17...
Paso de arranque 18: verificando sub-componente 18...
Paso de arranque 19: verificando sub-componente 19...
Paso de arranque 20: verificando sub-componente 20...
Paso de arranque 21: verificando sub-componente 21...
Paso de arranque 22: verificando sub-componente 22...
Paso de arranque 23: verificando sub-componente 23...
Paso de arranque 24: verificando sub-componente 24...
Paso de arranque 25: verificando sub-componente 25...
Servicio database_connector 'iniciado'. PID guardado en /home/glusin/actividad/Proyecto_iac_local/generated_environment/services/database_connector_v1.0.0/database_connector.pid
Simulando inicio de database_connector a las Wed Jun 18 08:01:18 -05 2025
Paso de arranque 1: verificando sub-componente 1...
Paso de arranque 2: verificando sub-componente 2...
Paso de arranque 3: verificando sub-componente 3...
Paso de arranque 4: verificando sub-componente 4...
Paso de arranque 5: verificando sub-componente 5...
Paso de arranque 6: verificando sub-componente 6...
Paso de arranque 7: verificando sub-componente 7...
Paso de arranque 8: verificando sub-componente 8...
Paso de arranque 9: verificando sub-componente 9...
Paso de arranque 10: verificando sub-componente 10...
Paso de arranque 11: verificando sub-componente 11...
Paso de arranque 12: verificando sub-componente 12...
Paso de arranque 13: verificando sub-componente 13...
Paso de arranque 14: verificando sub-componente 14...
Paso de arranque 15: verificando sub-componente 15...
Paso de arranque 16: verificando sub-componente 16...
Paso de arranque 17: verificando sub-componente 17...
Paso de arranque 18: verificando sub-componente 18...
Paso de arranque 19: verificando sub-componente 19...
Paso de arranque 20: verificando sub-componente 20...
Paso de arranque 21: verificando sub-componente 21...
Paso de arranque 22: verificando sub-componente 22...
Paso de arranque 23: verificando sub-componente 23...
Paso de arranque 24: verificando sub-componente 24...
Paso de arranque 25: verificando sub-componente 25...
Servicio database_connector 'iniciado'. PID guardado en /home/glusin/actividad/Proyecto_iac_local/generated_environment/services/database_connector_v1.0.0/database_connector.pid
Simulando inicio de database_connector a las Wed Jun 18 08:04:38 -05 2025
Paso de arranque 1: verificando sub-componente 1...
Paso de arranque 2: verificando sub-componente 2...
Paso de arranque 3: verificando sub-componente 3...
Paso de arranque 4: verificando sub-componente 4...
Paso de arranque 5: verificando sub-componente 5...
Paso de arranque 6: verificando sub-componente 6...
Paso de arranque 7: verificando sub-componente 7...
Paso de arranque 8: verificando sub-componente 8...
Paso de arranque 9: verificando sub-componente 9...
Paso de arranque 10: verificando sub-componente 10...
Paso de arranque 11: verificando sub-componente 11...
Paso de arranque 12: verificando sub-componente 12...
Paso de arranque 13: verificando sub-componente 13...
Paso de arranque 14: verificando sub-componente 14...
Paso de arranque 15: verificando sub-componente 15...
Paso de arranque 16: verificando sub-componente 16...
Paso de arranque 17: verificando sub-componente 17...
Paso de arranque 18: verificando sub-componente 18...
Paso de arranque 19: verificando sub-componente 19...
Paso de arranque 20: verificando sub-componente 20...
Paso de arranque 21: verificando sub-componente 21...
Paso de arranque 22: verificando sub-componente 22...
Paso de arranque 23: verificando sub-componente 23...
Paso de arranque 24: verificando sub-componente 24...
Paso de arranque 25: verificando sub-componente 25...
Servicio database_connector 'iniciado'. PID guardado en /home/glusin/actividad/Proyecto_iac_local/generated_environment/services/database_connector_v1.0.0/database_connector.pid
Simulando inicio de database_connector a las Wed Jun 18 08:11:26 -05 2025
Paso de arranque 1: verificando sub-componente 1...
Paso de arranque 2: verificando sub-componente 2...
Paso de arranque 3: verificando sub-componente 3...
Paso de arranque 4: verificando sub-componente 4...
Paso de arranque 5: verificando sub-componente 5...
Paso de arranque 6: verificando sub-componente 6...
Paso de arranque 7: verificando sub-componente 7...
Paso de arranque 8: verificando sub-componente 8...
Paso de arranque 9: verificando sub-componente 9...
Paso de arranque 10: verificando sub-componente 10...
Paso de arranque 11: verificando sub-componente 11...
Paso de arranque 12: verificando sub-componente 12...
Paso de arranque 13: verificando sub-componente 13...
Paso de arranque 14: verificando sub-componente 14...
Paso de arranque 15: verificando sub-componente 15...
Paso de arranque 16: verificando sub-componente 16...
Paso de arranque 17: verificando sub-componente 17...
Paso de arranque 18: verificando sub-componente 18...
Paso de arranque 19: verificando sub-componente 19...
Paso de arranque 20: verificando sub-componente 20...
Paso de arranque 21: verificando sub-componente 21...
Paso de arranque 22: verificando sub-componente 22...
Paso de arranque 23: verificando sub-componente 23...
Paso de arranque 24: verificando sub-componente 24...
Paso de arranque 25: verificando sub-componente 25...
Servicio database_connector 'iniciado'. PID guardado en /home/glusin/actividad/Proyecto_iac_local/generated_environment/services/database_connector_v1.0.0/database_connector.pid
Simulando inicio de database_connector a las Wed Jun 18 08:14:12 -05 2025
Paso de arranque 1: verificando sub-componente 1...
Paso de arranque 2: verificando sub-componente 2...
Paso de arranque 3: verificando sub-componente 3...
Paso de arranque 4: verificando sub-componente 4...
Paso de arranque 5: verificando sub-componente 5...
Paso de arranque 6: verificando sub-componente 6...
Paso de arranque 7: verificando sub-componente 7...
Paso de arranque 8: verificando sub-componente 8...
Paso de arranque 9: verificando sub-componente 9...
Paso de arranque 10: verificando sub-componente 10...
Paso de arranque 11: verificando sub-componente 11...
Paso de arranque 12: verificando sub-componente 12...
Paso de arranque 13: verificando sub-componente 13...
Paso de arranque 14: verificando sub-componente 14...
Paso de arranque 15: verificando sub-componente 15...
Paso de arranque 16: verificando sub-componente 16...
Paso de arranque 17: verificando sub-componente 17...
Paso de arranque 18: verificando sub-componente 18...
Paso de arranque 19: verificando sub-componente 19...
Paso de arranque 20: verificando sub-componente 20...
Paso de arranque 21: verificando sub-componente 21...
Paso de arranque 22: verificando sub-componente 22...
Paso de arranque 23: verificando sub-componente 23...
Paso de arranque 24: verificando sub-componente 24...
Paso de arranque 25: verificando sub-componente 25...
Servicio database_connector 'iniciado'. PID guardado en /home/glusin/actividad/Proyecto_iac_local/generated_environment/services/database_connector_v1.0.0/database_connector.pid
Simulando inicio de database_connector a las Wed Jun 18 08:16:40 -05 2025
Paso de arranque 1: verificando sub-componente 1...
Paso de arranque 2: verificando sub-componente 2...
Paso de arranque 3: verificando sub-componente 3...
Paso de arranque 4: verificando sub-componente 4...
Paso de arranque 5: verificando sub-componente 5...
Paso de arranque 6: verificando sub-componente 6...
Paso de arranque 7: verificando sub-componente 7...
Paso de arranque 8: verificando sub-componente 8...
Paso de arranque 9: verificando sub-componente 9...
Paso de arranque 10: verificando sub-componente 10...
Paso de arranque 11: verificando sub-componente 11...
Paso de arranque 12: verificando sub-componente 12...
Paso de arranque 13: verificando sub-componente 13...
Paso de arranque 14: verificando sub-componente 14...
Paso de arranque 15: verificando sub-componente 15...
Paso de arranque 16: verificando sub-componente 16...
Paso de arranque 17: verificando sub-componente 17...
Paso de arranque 18: verificando sub-componente 18...
Paso de arranque 19: verificando sub-componente 19...
Paso de arranque 20: verificando sub-componente 20...
Paso de arranque 21: verificando sub-componente 21...
Paso de arranque 22: verificando sub-componente 22...
Paso de arranque 23: verificando sub-componente 23...
Paso de arranque 24: verificando sub-componente 24...
Paso de arranque 25: verificando sub-componente 25...
Servicio database_connector 'iniciado'. PID guardado en /home/glusin/actividad/Proyecto_iac_local/generated_environment/services/database_connector_v1.0.0/database_connector.pid
Simulando inicio de database_connector a las Wed Jun 18 08:19:04 -05 2025
Paso de arranque 1: verificando sub-componente 1...
Paso de arranque 2: verificando sub-componente 2...
Paso de arranque 3: verificando sub-componente 3...
Paso de arranque 4: verificando sub-componente 4...
Paso de arranque 5: verificando sub-componente 5...
Paso de arranque 6: verificando sub-componente 6...
Paso de arranque 7: verificando sub-componente 7...
Paso de arranque 8: verificando sub-componente 8...
Paso de arranque 9: verificando sub-componente 9...
Paso de arranque 10: verificando sub-componente 10...
Paso de arranque 11: verificando sub-componente 11...
Paso de arranque 12: verificando sub-componente 12...
Paso de arranque 13: verificando sub-componente 13...
Paso de arranque 14: verificando sub-componente 14...
Paso de arranque 15: verificando sub-componente 15...
Paso de arranque 16: verificando sub-componente 16...
Paso de arranque 17: verificando sub-componente 17...
Paso de arranque 18: verificando sub-componente 18...
Paso de arranque 19: verificando sub-componente 19...
Paso de arranque 20: verificando sub-componente 20...
Paso de arranque 21: verificando sub-componente 21...
Paso de arranque 22: verificando sub-componente 22...
Paso de arranque 23: verificando sub-componente 23...
Paso de arranque 24: verificando sub-componente 24...
Paso de arranque 25: verificando sub-componente 25...
Servicio database_connector 'iniciado'. PID guardado en /home/glusin/actividad/Proyecto_iac_local/generated_environment/services/database_connector_v1.0.0/database_connector.pid
Simulando inicio de database_connector a las Wed Jun 18 08:27:02 -05 2025
Paso de arranque 1: verificando sub-componente 1...
Paso de arranque 2: verificando sub-componente 2...
Paso de arranque 3: verificando sub-componente 3...
Paso de arranque 4: verificando sub-componente 4...
Paso de arranque 5: verificando sub-componente 5...
Paso de arranque 6: verificando sub-componente 6...
Paso de arranque 7: verificando sub-componente 7...
Paso de arranque 8: verificando sub-componente 8...
Paso de arranque 9: verificando sub-componente 9...
Paso de arranque 10: verificando sub-componente 10...
Paso de arranque 11: verificando sub-componente 11...
Paso de arranque 12: verificando sub-componente 12...
Paso de arranque 13: verificando sub-componente 13...
Paso de arranque 14: verificando sub-componente 14...
Paso de arranque 15: verificando sub-componente 15...
Paso de arranque 16: verificando sub-componente 16...
Paso de arranque 17: verificando sub-componente 17...
Paso de arranque 18: verificando sub-componente 18...
Paso de arranque 19: verificando sub-componente 19...
Paso de arranque 20: verificando sub-componente 20...
Paso de arranque 21: verificando sub-componente 21...
Paso de arranque 22: verificando sub-componente 22...
Paso de arranque 23: verificando sub-componente 23...
Paso de arranque 24: verificando sub-componente 24...
Paso de arranque 25: verificando sub-componente 25...
Servicio database_connector 'iniciado'. PID guardado en /home/glusin/actividad/Proyecto_iac_local/generated_environment/services/database_connector_v1.0.0/database_connector.pid
Simulando inicio de database_connector a las Wed Jun 18 08:27:08 -05 2025
Paso de arranque 1: verificando sub-componente 1...
Paso de arranque 2: verificando sub-componente 2...
Paso de arranque 3: verificando sub-componente 3...
Paso de arranque 4: verificando sub-componente 4...
Paso de arranque 5: verificando sub-componente 5...
Paso de arranque 6: verificando sub-componente 6...
Paso de arranque 7: verificando sub-componente 7...
Paso de arranque 8: verificando sub-componente 8...
Paso de arranque 9: verificando sub-componente 9...
Paso de arranque 10: verificando sub-componente 10...
Paso de arranque 11: verificando sub-componente 11...
Paso de arranque 12: verificando sub-componente 12...
Paso de arranque 13: verificando sub-componente 13...
Paso de arranque 14: verificando sub-componente 14...
Paso de arranque 15: verificando sub-componente 15...
Paso de arranque 16: verificando sub-componente 16...
Paso de arranque 17: verificando sub-componente 17...
Paso de arranque 18: verificando sub-componente 18...
Paso de arranque 19: verificando sub-componente 19...
Paso de arranque 20: verificando sub-componente 20...
Paso de arranque 21: verificando sub-componente 21...
Paso de arranque 22: verificando sub-componente 22...
Paso de arranque 23: verificando sub-componente 23...
Paso de arranque 24: verificando sub-componente 24...
Paso de arranque 25: verificando sub-componente 25...
Servicio database_connector 'iniciado'. PID guardado en /home/glusin/actividad/Proyecto_iac_local/generated_environment/services/database_connector_v1.0.0/database_connector.pid
Simulando inicio de database_connector a las Wed Jun 18 08:27:12 -05 2025
Paso de arranque 1: verificando sub-componente 1...
Paso de arranque 2: verificando sub-componente 2...
Paso de arranque 3: verificando sub-componente 3...
Paso de arranque 4: verificando sub-componente 4...
Paso de arranque 5: verificando sub-componente 5...
Paso de arranque 6: verificando sub-componente 6...
Paso de arranque 7: verificando sub-componente 7...
Paso de arranque 8: verificando sub-componente 8...
Paso de arranque 9: verificando sub-componente 9...
Paso de arranque 10: verificando sub-componente 10...
Paso de arranque 11: verificando sub-componente 11...
Paso de arranque 12: verificando sub-componente 12...
Paso de arranque 13: verificando sub-componente 13...
Paso de arranque 14: verificando sub-componente 14...
Paso de arranque 15: verificando sub-componente 15...
Paso de arranque 16: verificando sub-componente 16...
Paso de arranque 17: verificando sub-componente 17...
Paso de arranque 18: verificando sub-componente 18...
Paso de arranque 19: verificando sub-componente 19...
Paso de arranque 20: verificando sub-componente 20...
Paso de arranque 21: verificando sub-componente 21...
Paso de arranque 22: verificando sub-componente 22...
Paso de arranque 23: verificando sub-componente 23...
Paso de arranque 24: verificando sub-componente 24...
Paso de arranque 25: verificando sub-componente 25...
Servicio database_connector 'iniciado'. PID guardado en /home/glusin/actividad/Proyecto_iac_local/generated_environment/services/database_connector_v1.0.0/database_connector.pid
Simulando inicio de database_connector a las Wed Jun 18 09:19:13 -05 2025
Paso de arranque 1: verificando sub-componente 1...
Paso de arranque 2: verificando sub-componente 2...
Paso de arranque 3: verificando sub-componente 3...
Paso de arranque 4: verificando sub-componente 4...
Paso de arranque 5: verificando sub-componente 5...
Paso de arranque 6: verificando sub-componente 6...
Paso de arranque 7: verificando sub-componente 7...
Paso de arranque 8: verificando sub-componente 8...
Paso de arranque 9: verificando sub-componente 9...
Paso de arranque 10: verificando sub-componente 10...
Paso de arranque 11: verificando sub-componente 11...
Paso de arranque 12: verificando sub-componente 12...
Paso de arranque 13: verificando sub-componente 13...
Paso de arranque 14: verificando sub-componente 14...
Paso de arranque 15: verificando sub-componente 15...
Paso de arranque 16: verificando sub-componente 16...
Paso de arranque 17: verificando sub-componente 17...
Paso de arranque 18: verificando sub-componente 18...
Paso de arranque 19: verificando sub-componente 19...
Paso de arranque 20: verificando sub-componente 20...
Paso de arranque 21: verificando sub-componente 21...
Paso de arranque 22: verificando sub-componente 22...
Paso de arranque 23: verificando sub-componente 23...
Paso de arranque 24: verificando sub-componente 24...
Paso de arranque 25: verificando sub-componente 25...
Servicio database_connector 'iniciado'. PID guardado en /home/glusin/actividad/Proyecto_iac_local/generated_environment/services/database_connector_v1.0.0/database_connector.pid
Simulando inicio de database_connector a las Wed Jun 18 09:19:14 -05 2025
Paso de arranque 1: verificando sub-componente 1...
Paso de arranque 2: verificando sub-componente 2...
Paso de arranque 3: verificando sub-componente 3...
Paso de arranque 4: verificando sub-componente 4...
Paso de arranque 5: verificando sub-componente 5...
Paso de arranque 6: verificando sub-componente 6...
Paso de arranque 7: verificando sub-componente 7...
Paso de arranque 8: verificando sub-componente 8...
Paso de arranque 9: verificando sub-componente 9...
Paso de arranque 10: verificando sub-componente 10...
Paso de arranque 11: verificando sub-componente 11...
Paso de arranque 12: verificando sub-componente 12...
Paso de arranque 13: verificando sub-componente 13...
Paso de arranque 14: verificando sub-componente 14...
Paso de arranque 15: verificando sub-componente 15...
Paso de arranque 16: verificando sub-componente 16...
Paso de arranque 17: verificando sub-componente 17...
Paso de arranque 18: verificando sub-componente 18...
Paso de arranque 19: verificando sub-componente 19...
Paso de arranque 20: verificando sub-componente 20...
Paso de arranque 21: verificando sub-componente 21...
Paso de arranque 22: verificando sub-componente 22...
Paso de arranque 23: verificando sub-componente 23...
Paso de arranque 24: verificando sub-componente 24...
Paso de arranque 25: verificando sub-componente 25...
Servicio database_connector 'iniciado'. PID guardado en /home/glusin/actividad/Proyecto_iac_local/generated_environment/services/database_connector_v1.0.0/database_connector.pid
Simulando inicio de database_connector a las Wed Jun 18 09:19:18 -05 2025
Paso de arranque 1: verificando sub-componente 1...
Paso de arranque 2: verificando sub-componente 2...
Paso de arranque 3: verificando sub-componente 3...
Paso de arranque 4: verificando sub-componente 4...
Paso de arranque 5: verificando sub-componente 5...
Paso de arranque 6: verificando sub-componente 6...
Paso de arranque 7: verificando sub-componente 7...
Paso de arranque 8: verificando sub-componente 8...
Paso de arranque 9: verificando sub-componente 9...
Paso de arranque 10: verificando sub-componente 10...
Paso de arranque 11: verificando sub-componente 11...
Paso de arranque 12: verificando sub-componente 12...
Paso de arranque 13: verificando sub-componente 13...
Paso de arranque 14: verificando sub-componente 14...
Paso de arranque 15: verificando sub-componente 15...
Paso de arranque 16: verificando sub-componente 16...
Paso de arranque 17: verificando sub-componente 17...
Paso de arranque 18: verificando sub-componente 18...
Paso de arranque 19: verificando sub-componente 19...
Paso de arranque 20: verificando sub-componente 20...
Paso de arranque 21: verificando sub-componente 21...
Paso de arranque 22: verificando sub-componente 22...
Paso de arranque 23: verificando sub-componente 23...
Paso de arranque 24: verificando sub-componente 24...
Paso de arranque 25: verificando sub-componente 25...
Servicio database_connector 'iniciado'. PID guardado en /home/glusin/actividad/Proyecto_iac_local/generated_environment/services/database_connector_v1.0.0/database_connector.pid
Simulando inicio de database_connector a las Wed Jun 18 09:57:03 -05 2025
Paso de arranque 1: verificando sub-componente 1...
Paso de arranque 2: verificando sub-componente 2...
Paso de arranque 3: verificando sub-componente 3...
Paso de arranque 4: verificando sub-componente 4...
Paso de arranque 5: verificando sub-componente 5...
Paso de arranque 6: verificando sub-componente 6...
Paso de arranque 7: verificando sub-componente 7...
Paso de arranque 8: verificando sub-componente 8...
Paso de arranque 9: verificando sub-componente 9...
Paso de arranque 10: verificando sub-componente 10...
Paso de arranque 11: verificando sub-componente 11...
Paso de arranque 12: verificando sub-componente 12...
Paso de arranque 13: verificando sub-componente 13...
Paso de arranque 14: verificando sub-componente 14...
Paso de arranque 15: verificando sub-componente 15...
Paso de arranque 16: verificando sub-componente 16...
Paso de arranque 17: verificando sub-componente 17...
Paso de arranque 18: verificando sub-componente 18...
Paso de arranque 19: verificando sub-componente 19...
Paso de arranque 20: verificando sub-componente 20...
Paso de arranque 21: verificando sub-componente 21...
Paso de arranque 22: verificando sub-componente 22...
Paso de arranque 23: verificando sub-componente 23...
Paso de arranque 24: verificando sub-componente 24...
Paso de arranque 25: verificando sub-componente 25...
Servicio database_connector 'iniciado'. PID guardado en /home/glusin/actividad/Proyecto_iac_local/generated_environment/services/database_connector_v1.0.0/database_connector.pid
Simulando inicio de database_connector a las Wed Jun 18 10:01:06 -05 2025
Paso de arranque 1: verificando sub-componente 1...
Paso de arranque 2: verificando sub-componente 2...
Paso de arranque 3: verificando sub-componente 3...
Paso de arranque 4: verificando sub-componente 4...
Paso de arranque 5: verificando sub-componente 5...
Paso de arranque 6: verificando sub-componente 6...
Paso de arranque 7: verificando sub-componente 7...
Paso de arranque 8: verificando sub-componente 8...
Paso de arranque 9: verificando sub-componente 9...
Paso de arranque 10: verificando sub-componente 10...
Paso de arranque 11: verificando sub-componente 11...
Paso de arranque 12: verificando sub-componente 12...
Paso de arranque 13: verificando sub-componente 13...
Paso de arranque 14: verificando sub-componente 14...
Paso de arranque 15: verificando sub-componente 15...
Paso de arranque 16: verificando sub-componente 16...
Paso de arranque 17: verificando sub-componente 17...
Paso de arranque 18: verificando sub-componente 18...
Paso de arranque 19: verificando sub-componente 19...
Paso de arranque 20: verificando sub-componente 20...
Paso de arranque 21: verificando sub-componente 21...
Paso de arranque 22: verificando sub-componente 22...
Paso de arranque 23: verificando sub-componente 23...
Paso de arranque 24: verificando sub-componente 24...
Paso de arranque 25: verificando sub-componente 25...
Servicio database_connector 'iniciado'. PID guardado en /home/glusin/actividad/Proyecto_iac_local/generated_environment/services/database_connector_v1.0.0/database_connector.pid
